Started GET "/" for ::1 at 2019-12-09 17:42:04 +0000
  [1m[35m (1.4ms)[0m  [1m[34mSELECT sqlite_version(*)[0m
Processing by Rails::WelcomeController#index as HTML
  Rendering /home/student/.rvm/gems/ruby-2.6.3/gems/railties-6.0.1/lib/rails/templates/rails/welcome/index.html.erb
  Rendered /home/student/.rvm/gems/ruby-2.6.3/gems/railties-6.0.1/lib/rails/templates/rails/welcome/index.html.erb (Duration: 19.9ms | Allocations: 478)
Completed 200 OK in 44ms (Views: 32.0ms | ActiveRecord: 0.0ms | Allocations: 2728)


Started GET "/static_pages/home" for ::1 at 2019-12-09 17:49:47 +0000
  [1m[35m (0.2ms)[0m  [1m[34mSELECT sqlite_version(*)[0m
Processing by StaticPagesController#home as HTML
  Rendering static_pages/home.html.erb within layouts/application
  Rendered static_pages/home.html.erb within layouts/application (Duration: 0.4ms | Allocations: 204)
[Webpacker] Compiling...
[Webpacker] Compiled all packs in /home/student/myRubyApps/rubyonRails/bookstore_app/public/packs
[Webpacker] Hash: 53154d7baad00c6a1252
Version: webpack 4.41.2
Time: 5234ms
Built at: 09/12/2019 17:49:57
                                     Asset       Size       Chunks                         Chunk Names
    js/application-0b67a3cc2fcde6055024.js    124 KiB  application  [emitted] [immutable]  application
js/application-0b67a3cc2fcde6055024.js.map    139 KiB  application  [emitted] [dev]        application
                             manifest.json  364 bytes               [emitted]              
Entrypoint application = js/application-0b67a3cc2fcde6055024.js js/application-0b67a3cc2fcde6055024.js.map
[./app/javascript/channels sync recursive _channel\.js$] ./app/javascript/channels sync _channel\.js$ 160 bytes {application} [built]
[./app/javascript/channels/index.js] 211 bytes {application} [built]
[./app/javascript/packs/application.js] 749 bytes {application} [built]
[./node_modules/webpack/buildin/module.js] (webpack)/buildin/module.js 552 bytes {application} [built]
    + 3 hidden modules

Completed 200 OK in 9688ms (Views: 9669.9ms | ActiveRecord: 0.0ms | Allocations: 19482)


Started GET "/static_pages/home" for ::1 at 2019-12-09 18:09:28 +0000
  [1m[35m (2.6ms)[0m  [1m[34mSELECT sqlite_version(*)[0m
Processing by StaticPagesController#home as HTML
  Rendering static_pages/home.html.erb within layouts/application
  Rendered static_pages/home.html.erb within layouts/application (Duration: 1.2ms | Allocations: 212)
[Webpacker] Everything's up-to-date. Nothing to do
Completed 200 OK in 78ms (Views: 58.2ms | ActiveRecord: 0.0ms | Allocations: 7812)


Started GET "/" for ::1 at 2019-12-16 16:56:35 +0000
  [1m[35m (1.9ms)[0m  [1m[34mSELECT sqlite_version(*)[0m
Processing by Rails::WelcomeController#index as HTML
  Rendering /home/student/.rvm/gems/ruby-2.6.3/gems/railties-6.0.1/lib/rails/templates/rails/welcome/index.html.erb
  Rendered /home/student/.rvm/gems/ruby-2.6.3/gems/railties-6.0.1/lib/rails/templates/rails/welcome/index.html.erb (Duration: 19.7ms | Allocations: 315)
Completed 200 OK in 84ms (Views: 30.0ms | ActiveRecord: 0.0ms | Allocations: 1701)


Started GET "/static_pages/home" for ::1 at 2019-12-16 16:56:48 +0000
Processing by StaticPagesController#home as HTML
  Rendering static_pages/home.html.erb within layouts/application
  Rendered static_pages/home.html.erb within layouts/application (Duration: 8.7ms | Allocations: 99)
[Webpacker] Compiling...
[Webpacker] Compilation failed:
/home/student/myRubyApps/rubyonRails/bookstore_app/node_modules/webpack-cli/bin/cli.js:93
				throw err;
				^

TypeError: Cannot read property 'plugins' of undefined
    at Object.<anonymous> (/home/student/myRubyApps/rubyonRails/bookstore_app/config/webpack/environment.js:2:13)
    at Module._compile (/home/student/myRubyApps/rubyonRails/bookstore_app/node_modules/v8-compile-cache/v8-compile-cache.js:192:30)
    at Object.Module._extensions..js (internal/modules/cjs/loader.js:1167:10)
    at Module.load (internal/modules/cjs/loader.js:983:32)
    at Function.Module._load (internal/modules/cjs/loader.js:891:14)
    at Module.require (internal/modules/cjs/loader.js:1023:19)
    at require (/home/student/myRubyApps/rubyonRails/bookstore_app/node_modules/v8-compile-cache/v8-compile-cache.js:161:20)
    at Object.<anonymous> (/home/student/myRubyApps/rubyonRails/bookstore_app/config/webpack/development.js:3:21)
    at Module._compile (/home/student/myRubyApps/rubyonRails/bookstore_app/node_modules/v8-compile-cache/v8-compile-cache.js:192:30)
    at Object.Module._extensions..js (internal/modules/cjs/loader.js:1167:10)
    at Module.load (internal/modules/cjs/loader.js:983:32)
    at Function.Module._load (internal/modules/cjs/loader.js:891:14)
    at Module.require (internal/modules/cjs/loader.js:1023:19)
    at require (/home/student/myRubyApps/rubyonRails/bookstore_app/node_modules/v8-compile-cache/v8-compile-cache.js:161:20)
    at WEBPACK_OPTIONS (/home/student/myRubyApps/rubyonRails/bookstore_app/node_modules/webpack-cli/bin/utils/convert-argv.js:114:13)
    at requireConfig (/home/student/myRubyApps/rubyonRails/bookstore_app/node_modules/webpack-cli/bin/utils/convert-argv.js:116:6)
    at /home/student/myRubyApps/rubyonRails/bookstore_app/node_modules/webpack-cli/bin/utils/convert-argv.js:123:17
    at Array.forEach (<anonymous>)
    at module.exports (/home/student/myRubyApps/rubyonRails/bookstore_app/node_modules/webpack-cli/bin/utils/convert-argv.js:121:15)
    at /home/student/myRubyApps/rubyonRails/bookstore_app/node_modules/webpack-cli/bin/cli.js:71:45
    at Object.parse (/home/student/myRubyApps/rubyonRails/bookstore_app/node_modules/webpack-cli/node_modules/yargs/yargs.js:567:18)
    at /home/student/myRubyApps/rubyonRails/bookstore_app/node_modules/webpack-cli/bin/cli.js:49:8
    at Object.<anonymous> (/home/student/myRubyApps/rubyonRails/bookstore_app/node_modules/webpack-cli/bin/cli.js:366:3)
    at Module._compile (internal/modules/cjs/loader.js:1128:30)
    at Object.Module._extensions..js (internal/modules/cjs/loader.js:1167:10)
    at Module.load (internal/modules/cjs/loader.js:983:32)
    at Function.Module._load (internal/modules/cjs/loader.js:891:14)
    at Module.require (internal/modules/cjs/loader.js:1023:19)
    at require (internal/modules/cjs/helpers.js:72:18)
    at Object.<anonymous> (/home/student/myRubyApps/rubyonRails/bookstore_app/node_modules/webpack/bin/webpack.js:156:2)

Completed 200 OK in 4312ms (Views: 4311.3ms | ActiveRecord: 0.0ms | Allocations: 8101)


Started GET "/static_pages/contact.html" for ::1 at 2019-12-16 17:22:35 +0000
  [1m[35m (1.0ms)[0m  [1m[34mSELECT sqlite_version(*)[0m
Processing by StaticPagesController#contact as HTML
  Rendering static_pages/contact.html.erb within layouts/application
  Rendered static_pages/contact.html.erb within layouts/application (Duration: 0.5ms | Allocations: 227)
[Webpacker] Compiling...
[Webpacker] Compilation failed:
/home/student/myRubyApps/rubyonRails/bookstore_app/node_modules/webpack-cli/bin/cli.js:93
				throw err;
				^

Error: Cannot find module '@rails/webpack'
Require stack:
- /home/student/myRubyApps/rubyonRails/bookstore_app/config/webpack/environment.js
- /home/student/myRubyApps/rubyonRails/bookstore_app/config/webpack/development.js
- /home/student/myRubyApps/rubyonRails/bookstore_app/node_modules/webpack-cli/bin/utils/convert-argv.js
- /home/student/myRubyApps/rubyonRails/bookstore_app/node_modules/webpack-cli/bin/cli.js
- /home/student/myRubyApps/rubyonRails/bookstore_app/node_modules/webpack/bin/webpack.js
    at Function.Module._resolveFilename (internal/modules/cjs/loader.js:961:17)
    at Function.Module._load (internal/modules/cjs/loader.js:854:27)
    at Module.require (internal/modules/cjs/loader.js:1023:19)
    at require (/home/student/myRubyApps/rubyonRails/bookstore_app/node_modules/v8-compile-cache/v8-compile-cache.js:161:20)
    at Object.<anonymous> (/home/student/myRubyApps/rubyonRails/bookstore_app/config/webpack/environment.js:1:87)
    at Module._compile (/home/student/myRubyApps/rubyonRails/bookstore_app/node_modules/v8-compile-cache/v8-compile-cache.js:192:30)
    at Object.Module._extensions..js (internal/modules/cjs/loader.js:1167:10)
    at Module.load (internal/modules/cjs/loader.js:983:32)
    at Function.Module._load (internal/modules/cjs/loader.js:891:14)
    at Module.require (internal/modules/cjs/loader.js:1023:19)
    at require (/home/student/myRubyApps/rubyonRails/bookstore_app/node_modules/v8-compile-cache/v8-compile-cache.js:161:20)
    at Object.<anonymous> (/home/student/myRubyApps/rubyonRails/bookstore_app/config/webpack/development.js:3:21)
    at Module._compile (/home/student/myRubyApps/rubyonRails/bookstore_app/node_modules/v8-compile-cache/v8-compile-cache.js:192:30)
    at Object.Module._extensions..js (internal/modules/cjs/loader.js:1167:10)
    at Module.load (internal/modules/cjs/loader.js:983:32)
    at Function.Module._load (internal/modules/cjs/loader.js:891:14)
    at Module.require (internal/modules/cjs/loader.js:1023:19)
    at require (/home/student/myRubyApps/rubyonRails/bookstore_app/node_modules/v8-compile-cache/v8-compile-cache.js:161:20)
    at WEBPACK_OPTIONS (/home/student/myRubyApps/rubyonRails/bookstore_app/node_modules/webpack-cli/bin/utils/convert-argv.js:114:13)
    at requireConfig (/home/student/myRubyApps/rubyonRails/bookstore_app/node_modules/webpack-cli/bin/utils/convert-argv.js:116:6)
    at /home/student/myRubyApps/rubyonRails/bookstore_app/node_modules/webpack-cli/bin/utils/convert-argv.js:123:17
    at Array.forEach (<anonymous>)
    at module.exports (/home/student/myRubyApps/rubyonRails/bookstore_app/node_modules/webpack-cli/bin/utils/convert-argv.js:121:15)
    at /home/student/myRubyApps/rubyonRails/bookstore_app/node_modules/webpack-cli/bin/cli.js:71:45
    at Object.parse (/home/student/myRubyApps/rubyonRails/bookstore_app/node_modules/webpack-cli/node_modules/yargs/yargs.js:567:18)
    at /home/student/myRubyApps/rubyonRails/bookstore_app/node_modules/webpack-cli/bin/cli.js:49:8
    at Object.<anonymous> (/home/student/myRubyApps/rubyonRails/bookstore_app/node_modules/webpack-cli/bin/cli.js:366:3)
    at Module._compile (internal/modules/cjs/loader.js:1128:30)
    at Object.Module._extensions..js (internal/modules/cjs/loader.js:1167:10)
    at Module.load (internal/modules/cjs/loader.js:983:32) {
  code: 'MODULE_NOT_FOUND',
  requireStack: [
    '/home/student/myRubyApps/rubyonRails/bookstore_app/config/webpack/environment.js',
    '/home/student/myRubyApps/rubyonRails/bookstore_app/config/webpack/development.js',
    '/home/student/myRubyApps/rubyonRails/bookstore_app/node_modules/webpack-cli/bin/utils/convert-argv.js',
    '/home/student/myRubyApps/rubyonRails/bookstore_app/node_modules/webpack-cli/bin/cli.js',
    '/home/student/myRubyApps/rubyonRails/bookstore_app/node_modules/webpack/bin/webpack.js'
  ]
}

Completed 200 OK in 3080ms (Views: 3067.1ms | ActiveRecord: 0.0ms | Allocations: 8938)


Started GET "/static_pages/action_page.php?firstname=bob&lastname=lob&country=england&book_description=this+book+is+amazing" for ::1 at 2019-12-16 17:24:39 +0000
  
ActionController::RoutingError (No route matches [GET] "/static_pages/action_page.php"):
  
actionpack (6.0.1) lib/action_dispatch/middleware/debug_exceptions.rb:36:in `call'
web-console (4.0.1) lib/web_console/middleware.rb:132:in `call_app'
web-console (4.0.1) lib/web_console/middleware.rb:28:in `block in call'
web-console (4.0.1) lib/web_console/middleware.rb:17:in `catch'
web-console (4.0.1) lib/web_console/middleware.rb:17:in `call'
actionpack (6.0.1) lib/action_dispatch/middleware/show_exceptions.rb:33:in `call'
railties (6.0.1) lib/rails/rack/logger.rb:38:in `call_app'
railties (6.0.1) lib/rails/rack/logger.rb:26:in `block in call'
activesupport (6.0.1) lib/active_support/tagged_logging.rb:80:in `block in tagged'
activesupport (6.0.1) lib/active_support/tagged_logging.rb:28:in `tagged'
activesupport (6.0.1) lib/active_support/tagged_logging.rb:80:in `tagged'
railties (6.0.1) lib/rails/rack/logger.rb:26:in `call'
sprockets-rails (3.2.1) lib/sprockets/rails/quiet_assets.rb:13:in `call'
actionpack (6.0.1) lib/action_dispatch/middleware/remote_ip.rb:81:in `call'
actionpack (6.0.1) lib/action_dispatch/middleware/request_id.rb:27:in `call'
rack (2.0.7) lib/rack/method_override.rb:22:in `call'
rack (2.0.7) lib/rack/runtime.rb:22:in `call'
activesupport (6.0.1) lib/active_support/cache/strategy/local_cache_middleware.rb:29:in `call'
actionpack (6.0.1) lib/action_dispatch/middleware/executor.rb:14:in `call'
actionpack (6.0.1) lib/action_dispatch/middleware/static.rb:126:in `call'
rack (2.0.7) lib/rack/sendfile.rb:111:in `call'
actionpack (6.0.1) lib/action_dispatch/middleware/host_authorization.rb:83:in `call'
webpacker (4.2.2) lib/webpacker/dev_server_proxy.rb:23:in `perform_request'
rack-proxy (0.6.5) lib/rack/proxy.rb:57:in `call'
railties (6.0.1) lib/rails/engine.rb:526:in `call'
puma (4.3.1) lib/puma/configuration.rb:228:in `call'
puma (4.3.1) lib/puma/server.rb:681:in `handle_request'
puma (4.3.1) lib/puma/server.rb:472:in `process_client'
puma (4.3.1) lib/puma/server.rb:328:in `block in run'
puma (4.3.1) lib/puma/thread_pool.rb:134:in `block in spawn_thread'
Started GET "/static_pages/about" for ::1 at 2019-12-16 17:27:44 +0000
Processing by StaticPagesController#about as HTML
  Rendering static_pages/about.html.erb within layouts/application
  Rendered static_pages/about.html.erb within layouts/application (Duration: 30.8ms | Allocations: 86)
[Webpacker] Everything's up-to-date. Nothing to do
Completed 200 OK in 324ms (Views: 225.4ms | ActiveRecord: 0.0ms | Allocations: 4096)


Started GET "/static_pages/about" for ::1 at 2019-12-16 17:28:29 +0000
Processing by StaticPagesController#about as HTML
  Rendering static_pages/about.html.erb within layouts/application
  Rendered static_pages/about.html.erb within layouts/application (Duration: 0.0ms | Allocations: 4)
[Webpacker] Compiling...
[Webpacker] Compilation failed:
/home/student/myRubyApps/rubyonRails/bookstore_app/node_modules/webpack-cli/bin/cli.js:93
				throw err;
				^

TypeError: environment.toWebpackConfig is not a function
    at Object.<anonymous> (/home/student/myRubyApps/rubyonRails/bookstore_app/config/webpack/development.js:5:30)
    at Module._compile (/home/student/myRubyApps/rubyonRails/bookstore_app/node_modules/v8-compile-cache/v8-compile-cache.js:192:30)
    at Object.Module._extensions..js (internal/modules/cjs/loader.js:1167:10)
    at Module.load (internal/modules/cjs/loader.js:983:32)
    at Function.Module._load (internal/modules/cjs/loader.js:891:14)
    at Module.require (internal/modules/cjs/loader.js:1023:19)
    at require (/home/student/myRubyApps/rubyonRails/bookstore_app/node_modules/v8-compile-cache/v8-compile-cache.js:161:20)
    at WEBPACK_OPTIONS (/home/student/myRubyApps/rubyonRails/bookstore_app/node_modules/webpack-cli/bin/utils/convert-argv.js:114:13)
    at requireConfig (/home/student/myRubyApps/rubyonRails/bookstore_app/node_modules/webpack-cli/bin/utils/convert-argv.js:116:6)
    at /home/student/myRubyApps/rubyonRails/bookstore_app/node_modules/webpack-cli/bin/utils/convert-argv.js:123:17
    at Array.forEach (<anonymous>)
    at module.exports (/home/student/myRubyApps/rubyonRails/bookstore_app/node_modules/webpack-cli/bin/utils/convert-argv.js:121:15)
    at /home/student/myRubyApps/rubyonRails/bookstore_app/node_modules/webpack-cli/bin/cli.js:71:45
    at Object.parse (/home/student/myRubyApps/rubyonRails/bookstore_app/node_modules/webpack-cli/node_modules/yargs/yargs.js:567:18)
    at /home/student/myRubyApps/rubyonRails/bookstore_app/node_modules/webpack-cli/bin/cli.js:49:8
    at Object.<anonymous> (/home/student/myRubyApps/rubyonRails/bookstore_app/node_modules/webpack-cli/bin/cli.js:366:3)
    at Module._compile (internal/modules/cjs/loader.js:1128:30)
    at Object.Module._extensions..js (internal/modules/cjs/loader.js:1167:10)
    at Module.load (internal/modules/cjs/loader.js:983:32)
    at Function.Module._load (internal/modules/cjs/loader.js:891:14)
    at Module.require (internal/modules/cjs/loader.js:1023:19)
    at require (internal/modules/cjs/helpers.js:72:18)
    at Object.<anonymous> (/home/student/myRubyApps/rubyonRails/bookstore_app/node_modules/webpack/bin/webpack.js:156:2)
    at Module._compile (internal/modules/cjs/loader.js:1128:30)
    at Object.Module._extensions..js (internal/modules/cjs/loader.js:1167:10)
    at Module.load (internal/modules/cjs/loader.js:983:32)
    at Function.Module._load (internal/modules/cjs/loader.js:891:14)
    at Function.executeUserEntryPoint [as runMain] (internal/modules/run_main.js:71:12)
    at internal/main/run_main_module.js:17:47

Completed 200 OK in 3833ms (Views: 3833.0ms | ActiveRecord: 0.0ms | Allocations: 4986)


Started GET "/static_pages/about" for ::1 at 2019-12-16 17:32:37 +0000
  [1m[35m (0.7ms)[0m  [1m[34mSELECT sqlite_version(*)[0m
Processing by StaticPagesController#about as HTML
  Rendering static_pages/about.html.erb within layouts/application
  Rendered static_pages/about.html.erb within layouts/application (Duration: 0.8ms | Allocations: 204)
[Webpacker] Everything's up-to-date. Nothing to do
Completed 200 OK in 55ms (Views: 39.8ms | ActiveRecord: 0.0ms | Allocations: 7847)


Started GET "/static_pages/contact.html" for ::1 at 2019-12-16 17:33:02 +0000
Processing by StaticPagesController#contact as HTML
  Rendering static_pages/contact.html.erb within layouts/application
  Rendered static_pages/contact.html.erb within layouts/application (Duration: 7.4ms | Allocations: 129)
[Webpacker] Everything's up-to-date. Nothing to do
Completed 200 OK in 22ms (Views: 21.8ms | ActiveRecord: 0.0ms | Allocations: 4106)


Started GET "/static_pages/contact" for ::1 at 2019-12-16 17:33:09 +0000
Processing by StaticPagesController#contact as HTML
  Rendering static_pages/contact.html.erb within layouts/application
  Rendered static_pages/contact.html.erb within layouts/application (Duration: 0.0ms | Allocations: 5)
[Webpacker] Everything's up-to-date. Nothing to do
Completed 200 OK in 9ms (Views: 8.5ms | ActiveRecord: 0.0ms | Allocations: 3841)


Started GET "/static_pages/contact" for ::1 at 2019-12-16 17:37:34 +0000
Processing by StaticPagesController#contact as HTML
  Rendering static_pages/contact.html.erb within layouts/application
  Rendered static_pages/contact.html.erb within layouts/application (Duration: 3.1ms | Allocations: 106)
[Webpacker] Everything's up-to-date. Nothing to do
Completed 200 OK in 36ms (Views: 35.7ms | ActiveRecord: 0.0ms | Allocations: 5000)


Started GET "/static_pages/contact" for ::1 at 2019-12-16 17:37:37 +0000
Processing by StaticPagesController#contact as HTML
  Rendering static_pages/contact.html.erb within layouts/application
  Rendered static_pages/contact.html.erb within layouts/application (Duration: 0.0ms | Allocations: 5)
[Webpacker] Everything's up-to-date. Nothing to do
Completed 200 OK in 39ms (Views: 38.7ms | ActiveRecord: 0.0ms | Allocations: 3845)


Started GET "/static_pages/contact" for ::1 at 2019-12-16 17:37:45 +0000
Processing by StaticPagesController#contact as HTML
  Rendering static_pages/contact.html.erb within layouts/application
  Rendered static_pages/contact.html.erb within layouts/application (Duration: 0.0ms | Allocations: 4)
[Webpacker] Everything's up-to-date. Nothing to do
Completed 200 OK in 22ms (Views: 21.8ms | ActiveRecord: 0.0ms | Allocations: 3840)


Started GET "/static_pages/contact" for ::1 at 2019-12-16 17:37:47 +0000
Processing by StaticPagesController#contact as HTML
  Rendering static_pages/contact.html.erb within layouts/application
  Rendered static_pages/contact.html.erb within layouts/application (Duration: 0.0ms | Allocations: 4)
[Webpacker] Everything's up-to-date. Nothing to do
Completed 200 OK in 4ms (Views: 3.4ms | ActiveRecord: 0.0ms | Allocations: 3835)


Started GET "/static_pages/contact" for ::1 at 2019-12-16 17:38:48 +0000
Processing by StaticPagesController#contact as HTML
  Rendering static_pages/contact.html.erb within layouts/application
  Rendered static_pages/contact.html.erb within layouts/application (Duration: 0.3ms | Allocations: 110)
[Webpacker] Everything's up-to-date. Nothing to do
Completed 200 OK in 26ms (Views: 25.4ms | ActiveRecord: 0.0ms | Allocations: 5001)


Started GET "/static_pages/contact" for ::1 at 2019-12-16 17:38:52 +0000
Processing by StaticPagesController#contact as HTML
  Rendering static_pages/contact.html.erb within layouts/application
  Rendered static_pages/contact.html.erb within layouts/application (Duration: 0.0ms | Allocations: 4)
[Webpacker] Everything's up-to-date. Nothing to do
Completed 200 OK in 46ms (Views: 44.9ms | ActiveRecord: 0.0ms | Allocations: 3840)


Started GET "/static_pages/contact" for ::1 at 2019-12-16 17:42:10 +0000
  [1m[35m (4.9ms)[0m  [1m[34mSELECT sqlite_version(*)[0m
Processing by StaticPagesController#contact as HTML
  Rendering static_pages/contact.html.erb within layouts/application
  Rendered static_pages/contact.html.erb within layouts/application (Duration: 0.8ms | Allocations: 227)
[Webpacker] Everything's up-to-date. Nothing to do
Completed 200 OK in 61ms (Views: 46.6ms | ActiveRecord: 0.0ms | Allocations: 7874)


Started GET "/static_pages/contact" for ::1 at 2019-12-16 17:46:25 +0000
Processing by StaticPagesController#contact as HTML
  Rendering static_pages/contact.html.erb within layouts/application
  Rendered static_pages/contact.html.erb within layouts/application (Duration: 0.0ms | Allocations: 5)
[Webpacker] Compiling...
[Webpacker] Compilation failed:
/home/student/myRubyApps/rubyonRails/bookstore_app/node_modules/webpack-cli/bin/cli.js:93
				throw err;
				^

TypeError: environment.toWebpackConfig is not a function
    at Object.<anonymous> (/home/student/myRubyApps/rubyonRails/bookstore_app/config/webpack/development.js:5:30)
    at Module._compile (/home/student/myRubyApps/rubyonRails/bookstore_app/node_modules/v8-compile-cache/v8-compile-cache.js:192:30)
    at Object.Module._extensions..js (internal/modules/cjs/loader.js:1167:10)
    at Module.load (internal/modules/cjs/loader.js:983:32)
    at Function.Module._load (internal/modules/cjs/loader.js:891:14)
    at Module.require (internal/modules/cjs/loader.js:1023:19)
    at require (/home/student/myRubyApps/rubyonRails/bookstore_app/node_modules/v8-compile-cache/v8-compile-cache.js:161:20)
    at WEBPACK_OPTIONS (/home/student/myRubyApps/rubyonRails/bookstore_app/node_modules/webpack-cli/bin/utils/convert-argv.js:114:13)
    at requireConfig (/home/student/myRubyApps/rubyonRails/bookstore_app/node_modules/webpack-cli/bin/utils/convert-argv.js:116:6)
    at /home/student/myRubyApps/rubyonRails/bookstore_app/node_modules/webpack-cli/bin/utils/convert-argv.js:123:17
    at Array.forEach (<anonymous>)
    at module.exports (/home/student/myRubyApps/rubyonRails/bookstore_app/node_modules/webpack-cli/bin/utils/convert-argv.js:121:15)
    at /home/student/myRubyApps/rubyonRails/bookstore_app/node_modules/webpack-cli/bin/cli.js:71:45
    at Object.parse (/home/student/myRubyApps/rubyonRails/bookstore_app/node_modules/webpack-cli/node_modules/yargs/yargs.js:567:18)
    at /home/student/myRubyApps/rubyonRails/bookstore_app/node_modules/webpack-cli/bin/cli.js:49:8
    at Object.<anonymous> (/home/student/myRubyApps/rubyonRails/bookstore_app/node_modules/webpack-cli/bin/cli.js:366:3)
    at Module._compile (internal/modules/cjs/loader.js:1128:30)
    at Object.Module._extensions..js (internal/modules/cjs/loader.js:1167:10)
    at Module.load (internal/modules/cjs/loader.js:983:32)
    at Function.Module._load (internal/modules/cjs/loader.js:891:14)
    at Module.require (internal/modules/cjs/loader.js:1023:19)
    at require (internal/modules/cjs/helpers.js:72:18)
    at Object.<anonymous> (/home/student/myRubyApps/rubyonRails/bookstore_app/node_modules/webpack/bin/webpack.js:156:2)
    at Module._compile (internal/modules/cjs/loader.js:1128:30)
    at Object.Module._extensions..js (internal/modules/cjs/loader.js:1167:10)
    at Module.load (internal/modules/cjs/loader.js:983:32)
    at Function.Module._load (internal/modules/cjs/loader.js:891:14)
    at Function.executeUserEntryPoint [as runMain] (internal/modules/run_main.js:71:12)
    at internal/main/run_main_module.js:17:47

Completed 200 OK in 2932ms (Views: 2931.8ms | ActiveRecord: 0.0ms | Allocations: 5009)


Started GET "/static_pages/contact" for ::1 at 2019-12-16 17:53:46 +0000
  [1m[35m (0.6ms)[0m  [1m[34mSELECT sqlite_version(*)[0m
Processing by StaticPagesController#contact as HTML
  Rendering static_pages/contact.html.erb within layouts/application
  Rendered static_pages/contact.html.erb within layouts/application (Duration: 0.7ms | Allocations: 227)
[Webpacker] Compiling...
[Webpacker] Compiled all packs in /home/student/myRubyApps/rubyonRails/bookstore_app/public/packs
[Webpacker] Hash: 4e5795213143e85b5f57
Version: webpack 4.41.2
Time: 18286ms
Built at: 16/12/2019 17:54:08
                                     Asset       Size       Chunks                         Chunk Names
    js/application-8239bcb9abd949a206a8.js   1.29 MiB  application  [emitted] [immutable]  application
js/application-8239bcb9abd949a206a8.js.map   1.43 MiB  application  [emitted] [dev]        application
                             manifest.json  364 bytes               [emitted]              
Entrypoint application = js/application-8239bcb9abd949a206a8.js js/application-8239bcb9abd949a206a8.js.map
[./app/javascript/channels sync recursive _channel\.js$] ./app/javascript/channels sync _channel\.js$ 160 bytes {application} [built]
[./app/javascript/channels/index.js] 211 bytes {application} [built]
[./app/javascript/packs/application.js] 958 bytes {application} [built]
[./app/javascript/stylesheets/application.scss] 548 bytes {application} [built]
[./node_modules/css-loader/dist/cjs.js?!./node_modules/postcss-loader/src/index.js?!./node_modules/sass-loader/dist/cjs.js?!./app/javascript/stylesheets/application.scss] ./node_modules/css-loader/dist/cjs.js??ref--7-1!./node_modules/postcss-loader/src??ref--7-2!./node_modules/sass-loader/dist/cjs.js??ref--7-3!./app/javascript/stylesheets/application.scss 665 KiB {application} [built]
[./node_modules/webpack/buildin/global.js] (webpack)/buildin/global.js 878 bytes {application} [built]
[./node_modules/webpack/buildin/module.js] (webpack)/buildin/module.js 552 bytes {application} [built]
    + 8 hidden modules

Completed 200 OK in 21687ms (Views: 21665.2ms | ActiveRecord: 0.0ms | Allocations: 9136)


Started GET "/static_pages/contact" for ::1 at 2019-12-16 17:57:15 +0000
Processing by StaticPagesController#contact as HTML
  Rendering static_pages/contact.html.erb within layouts/application
  Rendered static_pages/contact.html.erb within layouts/application (Duration: 0.0ms | Allocations: 5)
[Webpacker] Compiling...
[Webpacker] Compiled all packs in /home/student/myRubyApps/rubyonRails/bookstore_app/public/packs
[Webpacker] Hash: 3217bfc9c774b938facd
Version: webpack 4.41.2
Time: 9150ms
Built at: 16/12/2019 17:57:29
                                     Asset       Size       Chunks                         Chunk Names
    js/application-ccbec8f279c6c8b0992e.js   1.29 MiB  application  [emitted] [immutable]  application
js/application-ccbec8f279c6c8b0992e.js.map   1.43 MiB  application  [emitted] [dev]        application
                             manifest.json  364 bytes               [emitted]              
Entrypoint application = js/application-ccbec8f279c6c8b0992e.js js/application-ccbec8f279c6c8b0992e.js.map
[./app/javascript/channels sync recursive _channel\.js$] ./app/javascript/channels sync _channel\.js$ 160 bytes {application} [built]
[./app/javascript/channels/index.js] 211 bytes {application} [built]
[./app/javascript/packs/application.js] 958 bytes {application} [built]
[./app/javascript/stylesheets/application.scss] 548 bytes {application} [built]
[./node_modules/css-loader/dist/cjs.js?!./node_modules/postcss-loader/src/index.js?!./node_modules/sass-loader/dist/cjs.js?!./app/javascript/stylesheets/application.scss] ./node_modules/css-loader/dist/cjs.js??ref--7-1!./node_modules/postcss-loader/src??ref--7-2!./node_modules/sass-loader/dist/cjs.js??ref--7-3!./app/javascript/stylesheets/application.scss 665 KiB {application} [built]
[./node_modules/webpack/buildin/global.js] (webpack)/buildin/global.js 878 bytes {application} [built]
[./node_modules/webpack/buildin/module.js] (webpack)/buildin/module.js 552 bytes {application} [built]
    + 8 hidden modules

Completed 200 OK in 14207ms (Views: 14199.3ms | ActiveRecord: 0.0ms | Allocations: 5064)


Started GET "/static_pages/contact" for ::1 at 2019-12-16 17:58:02 +0000
Processing by StaticPagesController#contact as HTML
  Rendering static_pages/contact.html.erb within layouts/application
  Rendered static_pages/contact.html.erb within layouts/application (Duration: 0.1ms | Allocations: 5)
[Webpacker] Everything's up-to-date. Nothing to do
Completed 200 OK in 29ms (Views: 28.2ms | ActiveRecord: 0.0ms | Allocations: 3844)


Started GET "/static_pages/contact" for ::1 at 2019-12-16 17:58:03 +0000
Processing by StaticPagesController#contact as HTML
  Rendering static_pages/contact.html.erb within layouts/application
  Rendered static_pages/contact.html.erb within layouts/application (Duration: 0.2ms | Allocations: 5)
[Webpacker] Everything's up-to-date. Nothing to do
Completed 200 OK in 13ms (Views: 12.4ms | ActiveRecord: 0.0ms | Allocations: 3842)


Started GET "/static_pages/contact" for ::1 at 2019-12-16 17:58:03 +0000
Processing by StaticPagesController#contact as HTML
  Rendering static_pages/contact.html.erb within layouts/application
  Rendered static_pages/contact.html.erb within layouts/application (Duration: 0.0ms | Allocations: 4)
[Webpacker] Everything's up-to-date. Nothing to do
Completed 200 OK in 32ms (Views: 31.3ms | ActiveRecord: 0.0ms | Allocations: 3840)


Started GET "/static_pages/contact" for ::1 at 2019-12-16 17:58:04 +0000
Processing by StaticPagesController#contact as HTML
  Rendering static_pages/contact.html.erb within layouts/application
  Rendered static_pages/contact.html.erb within layouts/application (Duration: 0.1ms | Allocations: 4)
[Webpacker] Everything's up-to-date. Nothing to do
Completed 200 OK in 27ms (Views: 26.1ms | ActiveRecord: 0.0ms | Allocations: 3833)


Started GET "/static_pages/contact" for ::1 at 2019-12-16 17:58:17 +0000
Processing by StaticPagesController#contact as HTML
  Rendering static_pages/contact.html.erb within layouts/application
  Rendered static_pages/contact.html.erb within layouts/application (Duration: 0.0ms | Allocations: 5)
[Webpacker] Everything's up-to-date. Nothing to do
Completed 200 OK in 15ms (Views: 14.9ms | ActiveRecord: 0.0ms | Allocations: 3858)


Started GET "/" for ::1 at 2020-02-03 14:29:43 +0000
  [1m[35m (1.4ms)[0m  [1m[34mSELECT sqlite_version(*)[0m
Processing by StaticPagesController#home as HTML
  Rendering static_pages/home.html.erb within layouts/application
  Rendered static_pages/home.html.erb within layouts/application (Duration: 14.0ms | Allocations: 212)
[Webpacker] Everything's up-to-date. Nothing to do
Completed 200 OK in 164ms (Views: 136.7ms | ActiveRecord: 0.0ms | Allocations: 7770)


Started GET "/" for ::1 at 2020-02-03 14:29:54 +0000
Processing by StaticPagesController#home as HTML
  Rendering static_pages/home.html.erb within layouts/application
  Rendered static_pages/home.html.erb within layouts/application (Duration: 0.0ms | Allocations: 5)
[Webpacker] Everything's up-to-date. Nothing to do
Completed 200 OK in 17ms (Views: 16.9ms | ActiveRecord: 0.0ms | Allocations: 3848)


Started GET "/" for ::1 at 2020-02-03 14:29:58 +0000
Processing by StaticPagesController#home as HTML
  Rendering static_pages/home.html.erb within layouts/application
  Rendered static_pages/home.html.erb within layouts/application (Duration: 0.0ms | Allocations: 5)
[Webpacker] Everything's up-to-date. Nothing to do
Completed 200 OK in 18ms (Views: 17.2ms | ActiveRecord: 0.0ms | Allocations: 3844)


Started GET "/" for ::1 at 2020-02-03 14:30:00 +0000
Processing by StaticPagesController#home as HTML
  Rendering static_pages/home.html.erb within layouts/application
  Rendered static_pages/home.html.erb within layouts/application (Duration: 0.0ms | Allocations: 5)
[Webpacker] Everything's up-to-date. Nothing to do
Completed 200 OK in 17ms (Views: 16.3ms | ActiveRecord: 0.0ms | Allocations: 3842)


Started GET "/" for ::1 at 2020-02-03 14:30:01 +0000
Processing by StaticPagesController#home as HTML
  Rendering static_pages/home.html.erb within layouts/application
  Rendered static_pages/home.html.erb within layouts/application (Duration: 0.0ms | Allocations: 4)
[Webpacker] Everything's up-to-date. Nothing to do
Completed 200 OK in 24ms (Views: 23.7ms | ActiveRecord: 0.0ms | Allocations: 3834)


Started GET "/" for ::1 at 2020-02-03 14:30:05 +0000
Processing by StaticPagesController#home as HTML
  Rendering static_pages/home.html.erb within layouts/application
  Rendered static_pages/home.html.erb within layouts/application (Duration: 0.0ms | Allocations: 5)
[Webpacker] Everything's up-to-date. Nothing to do
Completed 200 OK in 32ms (Views: 30.1ms | ActiveRecord: 0.0ms | Allocations: 3861)


Started GET "/" for ::1 at 2020-02-03 14:30:06 +0000
Processing by StaticPagesController#home as HTML
  Rendering static_pages/home.html.erb within layouts/application
  Rendered static_pages/home.html.erb within layouts/application (Duration: 0.1ms | Allocations: 4)
[Webpacker] Everything's up-to-date. Nothing to do
Completed 200 OK in 46ms (Views: 46.0ms | ActiveRecord: 0.0ms | Allocations: 3836)


Started GET "/static_pages/contact.html" for ::1 at 2020-02-03 14:30:12 +0000
Processing by StaticPagesController#contact as HTML
  Rendering static_pages/contact.html.erb within layouts/application
  Rendered static_pages/contact.html.erb within layouts/application (Duration: 41.0ms | Allocations: 113)
[Webpacker] Everything's up-to-date. Nothing to do
Completed 200 OK in 64ms (Views: 63.5ms | ActiveRecord: 0.0ms | Allocations: 4088)


Started GET "/" for ::1 at 2020-02-03 14:44:40 +0000
  [1m[35m (0.5ms)[0m  [1m[34mSELECT sqlite_version(*)[0m
Processing by StaticPagesController#home as HTML
  Rendering static_pages/home.html.erb within layouts/application
  Rendered static_pages/home.html.erb within layouts/application (Duration: 3.4ms | Allocations: 212)
[Webpacker] Everything's up-to-date. Nothing to do
Completed 200 OK in 113ms (Views: 91.2ms | ActiveRecord: 0.0ms | Allocations: 7772)


Started GET "/books/new" for ::1 at 2020-02-03 14:45:02 +0000
  
SyntaxError (/home/student/myRubyApps/rubyonRails/bookstore_app/app/controllers/books_controller.rb:1: syntax error, unexpected '<'
<div class=" container">
^
/home/student/myRubyApps/rubyonRails/bookstore_app/app/controllers/books_controller.rb:2: syntax error, unexpected '<'
<h1> Add New Book </h1>
^
/home/student/myRubyApps/rubyonRails/bookstore_app/app/controllers/books_controller.rb:2: syntax error, unexpected tCONSTANT, expecting do or '{' or '('
<h1> Add New Book </h1>
         ^~~
/home/student/myRubyApps/rubyonRails/bookstore_app/app/controllers/books_controller.rb:7: unknown regexp options - dv
/home/student/myRubyApps/rubyonRails/bookstore_app/app/controllers/books_controller.rb:8: syntax error, unexpected '<'
    <div class="form-group">
    ^
/home/student/myRubyApps/rubyonRails/bookstore_app/app/controllers/books_controller.rb:9: syntax error, unexpected '<'
    <%= f.label :price %>
    ^
/home/student/myRubyApps/rubyonRails/bookstore_app/app/controllers/books_controller.rb:10: syntax error, unexpected tIDENTIFIER, expecting end-of-input
    <%= f.number_field :price %>
        ^):
  
app/controllers/books_controller.rb:1: syntax error, unexpected '<'
app/controllers/books_controller.rb:2: syntax error, unexpected '<'
app/controllers/books_controller.rb:2: syntax error, unexpected tCONSTANT, expecting do or '{' or '('
app/controllers/books_controller.rb:7: unknown regexp options - dv
app/controllers/books_controller.rb:8: syntax error, unexpected '<'
app/controllers/books_controller.rb:9: syntax error, unexpected '<'
app/controllers/books_controller.rb:10: syntax error, unexpected tIDENTIFIER, expecting end-of-input
app/controllers/books_controller.rb:1: syntax error, unexpected '<'
app/controllers/books_controller.rb:2: syntax error, unexpected '<'
app/controllers/books_controller.rb:2: syntax error, unexpected tCONSTANT, expecting do or '{' or '('
app/controllers/books_controller.rb:7: unknown regexp options - dv
app/controllers/books_controller.rb:8: syntax error, unexpected '<'
app/controllers/books_controller.rb:9: syntax error, unexpected '<'
app/controllers/books_controller.rb:10: syntax error, unexpected tIDENTIFIER, expecting end-of-input
app/controllers/books_controller.rb:1: syntax error, unexpected '<'
app/controllers/books_controller.rb:2: syntax error, unexpected '<'
app/controllers/books_controller.rb:2: syntax error, unexpected tCONSTANT, expecting do or '{' or '('
app/controllers/books_controller.rb:7: unknown regexp options - dv
app/controllers/books_controller.rb:8: syntax error, unexpected '<'
app/controllers/books_controller.rb:9: syntax error, unexpected '<'
app/controllers/books_controller.rb:10: syntax error, unexpected tIDENTIFIER, expecting end-of-input
Started GET "/books/new" for ::1 at 2020-02-03 14:45:43 +0000
  
SyntaxError (/home/student/myRubyApps/rubyonRails/bookstore_app/app/controllers/books_controller.rb:1: syntax error, unexpected '<'
<div class=" container">
^
/home/student/myRubyApps/rubyonRails/bookstore_app/app/controllers/books_controller.rb:2: syntax error, unexpected '<'
<h1> Add New Book </h1>
^
/home/student/myRubyApps/rubyonRails/bookstore_app/app/controllers/books_controller.rb:2: syntax error, unexpected tCONSTANT, expecting do or '{' or '('
<h1> Add New Book </h1>
         ^~~
/home/student/myRubyApps/rubyonRails/bookstore_app/app/controllers/books_controller.rb:7: unknown regexp options - dv
/home/student/myRubyApps/rubyonRails/bookstore_app/app/controllers/books_controller.rb:8: syntax error, unexpected '<'
    <div class="form-group">
    ^
/home/student/myRubyApps/rubyonRails/bookstore_app/app/controllers/books_controller.rb:9: syntax error, unexpected '<'
    <%= f.label :price %>
    ^
/home/student/myRubyApps/rubyonRails/bookstore_app/app/controllers/books_controller.rb:10: syntax error, unexpected tIDENTIFIER, expecting end-of-input
    <%= f.number_field :price %>
        ^):
  
app/controllers/books_controller.rb:1: syntax error, unexpected '<'
app/controllers/books_controller.rb:2: syntax error, unexpected '<'
app/controllers/books_controller.rb:2: syntax error, unexpected tCONSTANT, expecting do or '{' or '('
app/controllers/books_controller.rb:7: unknown regexp options - dv
app/controllers/books_controller.rb:8: syntax error, unexpected '<'
app/controllers/books_controller.rb:9: syntax error, unexpected '<'
app/controllers/books_controller.rb:10: syntax error, unexpected tIDENTIFIER, expecting end-of-input
app/controllers/books_controller.rb:1: syntax error, unexpected '<'
app/controllers/books_controller.rb:2: syntax error, unexpected '<'
app/controllers/books_controller.rb:2: syntax error, unexpected tCONSTANT, expecting do or '{' or '('
app/controllers/books_controller.rb:7: unknown regexp options - dv
app/controllers/books_controller.rb:8: syntax error, unexpected '<'
app/controllers/books_controller.rb:9: syntax error, unexpected '<'
app/controllers/books_controller.rb:10: syntax error, unexpected tIDENTIFIER, expecting end-of-input
app/controllers/books_controller.rb:1: syntax error, unexpected '<'
app/controllers/books_controller.rb:2: syntax error, unexpected '<'
app/controllers/books_controller.rb:2: syntax error, unexpected tCONSTANT, expecting do or '{' or '('
app/controllers/books_controller.rb:7: unknown regexp options - dv
app/controllers/books_controller.rb:8: syntax error, unexpected '<'
app/controllers/books_controller.rb:9: syntax error, unexpected '<'
app/controllers/books_controller.rb:10: syntax error, unexpected tIDENTIFIER, expecting end-of-input
Started GET "/books/new" for ::1 at 2020-02-03 14:45:47 +0000
  
SyntaxError (/home/student/myRubyApps/rubyonRails/bookstore_app/app/controllers/books_controller.rb:1: syntax error, unexpected '<'
<div class=" container">
^
/home/student/myRubyApps/rubyonRails/bookstore_app/app/controllers/books_controller.rb:2: syntax error, unexpected '<'
<h1> Add New Book </h1>
^
/home/student/myRubyApps/rubyonRails/bookstore_app/app/controllers/books_controller.rb:2: syntax error, unexpected tCONSTANT, expecting do or '{' or '('
<h1> Add New Book </h1>
         ^~~
/home/student/myRubyApps/rubyonRails/bookstore_app/app/controllers/books_controller.rb:7: unknown regexp options - dv
/home/student/myRubyApps/rubyonRails/bookstore_app/app/controllers/books_controller.rb:8: syntax error, unexpected '<'
    <div class="form-group">
    ^
/home/student/myRubyApps/rubyonRails/bookstore_app/app/controllers/books_controller.rb:9: syntax error, unexpected '<'
    <%= f.label :price %>
    ^
/home/student/myRubyApps/rubyonRails/bookstore_app/app/controllers/books_controller.rb:10: syntax error, unexpected tIDENTIFIER, expecting end-of-input
    <%= f.number_field :price %>
        ^):
  
app/controllers/books_controller.rb:1: syntax error, unexpected '<'
app/controllers/books_controller.rb:2: syntax error, unexpected '<'
app/controllers/books_controller.rb:2: syntax error, unexpected tCONSTANT, expecting do or '{' or '('
app/controllers/books_controller.rb:7: unknown regexp options - dv
app/controllers/books_controller.rb:8: syntax error, unexpected '<'
app/controllers/books_controller.rb:9: syntax error, unexpected '<'
app/controllers/books_controller.rb:10: syntax error, unexpected tIDENTIFIER, expecting end-of-input
app/controllers/books_controller.rb:1: syntax error, unexpected '<'
app/controllers/books_controller.rb:2: syntax error, unexpected '<'
app/controllers/books_controller.rb:2: syntax error, unexpected tCONSTANT, expecting do or '{' or '('
app/controllers/books_controller.rb:7: unknown regexp options - dv
app/controllers/books_controller.rb:8: syntax error, unexpected '<'
app/controllers/books_controller.rb:9: syntax error, unexpected '<'
app/controllers/books_controller.rb:10: syntax error, unexpected tIDENTIFIER, expecting end-of-input
app/controllers/books_controller.rb:1: syntax error, unexpected '<'
app/controllers/books_controller.rb:2: syntax error, unexpected '<'
app/controllers/books_controller.rb:2: syntax error, unexpected tCONSTANT, expecting do or '{' or '('
app/controllers/books_controller.rb:7: unknown regexp options - dv
app/controllers/books_controller.rb:8: syntax error, unexpected '<'
app/controllers/books_controller.rb:9: syntax error, unexpected '<'
app/controllers/books_controller.rb:10: syntax error, unexpected tIDENTIFIER, expecting end-of-input
Started GET "/books/new" for ::1 at 2020-02-03 14:45:49 +0000
  
SyntaxError (/home/student/myRubyApps/rubyonRails/bookstore_app/app/controllers/books_controller.rb:1: syntax error, unexpected '<'
<div class=" container">
^
/home/student/myRubyApps/rubyonRails/bookstore_app/app/controllers/books_controller.rb:2: syntax error, unexpected '<'
<h1> Add New Book </h1>
^
/home/student/myRubyApps/rubyonRails/bookstore_app/app/controllers/books_controller.rb:2: syntax error, unexpected tCONSTANT, expecting do or '{' or '('
<h1> Add New Book </h1>
         ^~~
/home/student/myRubyApps/rubyonRails/bookstore_app/app/controllers/books_controller.rb:7: unknown regexp options - dv
/home/student/myRubyApps/rubyonRails/bookstore_app/app/controllers/books_controller.rb:8: syntax error, unexpected '<'
    <div class="form-group">
    ^
/home/student/myRubyApps/rubyonRails/bookstore_app/app/controllers/books_controller.rb:9: syntax error, unexpected '<'
    <%= f.label :price %>
    ^
/home/student/myRubyApps/rubyonRails/bookstore_app/app/controllers/books_controller.rb:10: syntax error, unexpected tIDENTIFIER, expecting end-of-input
    <%= f.number_field :price %>
        ^):
  
app/controllers/books_controller.rb:1: syntax error, unexpected '<'
app/controllers/books_controller.rb:2: syntax error, unexpected '<'
app/controllers/books_controller.rb:2: syntax error, unexpected tCONSTANT, expecting do or '{' or '('
app/controllers/books_controller.rb:7: unknown regexp options - dv
app/controllers/books_controller.rb:8: syntax error, unexpected '<'
app/controllers/books_controller.rb:9: syntax error, unexpected '<'
app/controllers/books_controller.rb:10: syntax error, unexpected tIDENTIFIER, expecting end-of-input
app/controllers/books_controller.rb:1: syntax error, unexpected '<'
app/controllers/books_controller.rb:2: syntax error, unexpected '<'
app/controllers/books_controller.rb:2: syntax error, unexpected tCONSTANT, expecting do or '{' or '('
app/controllers/books_controller.rb:7: unknown regexp options - dv
app/controllers/books_controller.rb:8: syntax error, unexpected '<'
app/controllers/books_controller.rb:9: syntax error, unexpected '<'
app/controllers/books_controller.rb:10: syntax error, unexpected tIDENTIFIER, expecting end-of-input
app/controllers/books_controller.rb:1: syntax error, unexpected '<'
app/controllers/books_controller.rb:2: syntax error, unexpected '<'
app/controllers/books_controller.rb:2: syntax error, unexpected tCONSTANT, expecting do or '{' or '('
app/controllers/books_controller.rb:7: unknown regexp options - dv
app/controllers/books_controller.rb:8: syntax error, unexpected '<'
app/controllers/books_controller.rb:9: syntax error, unexpected '<'
app/controllers/books_controller.rb:10: syntax error, unexpected tIDENTIFIER, expecting end-of-input
Started GET "/books/new" for ::1 at 2020-02-03 14:46:16 +0000
  [1m[35m (0.2ms)[0m  [1m[34mSELECT sqlite_version(*)[0m
  
SyntaxError (/home/student/myRubyApps/rubyonRails/bookstore_app/app/controllers/books_controller.rb:1: syntax error, unexpected '<'
<div class=" container">
^
/home/student/myRubyApps/rubyonRails/bookstore_app/app/controllers/books_controller.rb:2: syntax error, unexpected '<'
<h1> Add New Book </h1>
^
/home/student/myRubyApps/rubyonRails/bookstore_app/app/controllers/books_controller.rb:2: syntax error, unexpected tCONSTANT, expecting do or '{' or '('
<h1> Add New Book </h1>
         ^~~
/home/student/myRubyApps/rubyonRails/bookstore_app/app/controllers/books_controller.rb:7: unknown regexp options - dv
/home/student/myRubyApps/rubyonRails/bookstore_app/app/controllers/books_controller.rb:8: syntax error, unexpected '<'
    <div class="form-group">
    ^
/home/student/myRubyApps/rubyonRails/bookstore_app/app/controllers/books_controller.rb:9: syntax error, unexpected '<'
    <%= f.label :price %>
    ^
/home/student/myRubyApps/rubyonRails/bookstore_app/app/controllers/books_controller.rb:10: syntax error, unexpected tIDENTIFIER, expecting end-of-input
    <%= f.number_field :price %>
        ^):
  
app/controllers/books_controller.rb:1: syntax error, unexpected '<'
app/controllers/books_controller.rb:2: syntax error, unexpected '<'
app/controllers/books_controller.rb:2: syntax error, unexpected tCONSTANT, expecting do or '{' or '('
app/controllers/books_controller.rb:7: unknown regexp options - dv
app/controllers/books_controller.rb:8: syntax error, unexpected '<'
app/controllers/books_controller.rb:9: syntax error, unexpected '<'
app/controllers/books_controller.rb:10: syntax error, unexpected tIDENTIFIER, expecting end-of-input
app/controllers/books_controller.rb:1: syntax error, unexpected '<'
app/controllers/books_controller.rb:2: syntax error, unexpected '<'
app/controllers/books_controller.rb:2: syntax error, unexpected tCONSTANT, expecting do or '{' or '('
app/controllers/books_controller.rb:7: unknown regexp options - dv
app/controllers/books_controller.rb:8: syntax error, unexpected '<'
app/controllers/books_controller.rb:9: syntax error, unexpected '<'
app/controllers/books_controller.rb:10: syntax error, unexpected tIDENTIFIER, expecting end-of-input
app/controllers/books_controller.rb:1: syntax error, unexpected '<'
app/controllers/books_controller.rb:2: syntax error, unexpected '<'
app/controllers/books_controller.rb:2: syntax error, unexpected tCONSTANT, expecting do or '{' or '('
app/controllers/books_controller.rb:7: unknown regexp options - dv
app/controllers/books_controller.rb:8: syntax error, unexpected '<'
app/controllers/books_controller.rb:9: syntax error, unexpected '<'
app/controllers/books_controller.rb:10: syntax error, unexpected tIDENTIFIER, expecting end-of-input
Started GET "/book/new" for ::1 at 2020-02-03 15:09:46 +0000
  [1m[35m (5.3ms)[0m  [1m[34mSELECT sqlite_version(*)[0m
  
ActionController::RoutingError (No route matches [GET] "/book/new"):
  
actionpack (6.0.1) lib/action_dispatch/middleware/debug_exceptions.rb:36:in `call'
web-console (4.0.1) lib/web_console/middleware.rb:132:in `call_app'
web-console (4.0.1) lib/web_console/middleware.rb:28:in `block in call'
web-console (4.0.1) lib/web_console/middleware.rb:17:in `catch'
web-console (4.0.1) lib/web_console/middleware.rb:17:in `call'
actionpack (6.0.1) lib/action_dispatch/middleware/show_exceptions.rb:33:in `call'
railties (6.0.1) lib/rails/rack/logger.rb:38:in `call_app'
railties (6.0.1) lib/rails/rack/logger.rb:26:in `block in call'
activesupport (6.0.1) lib/active_support/tagged_logging.rb:80:in `block in tagged'
activesupport (6.0.1) lib/active_support/tagged_logging.rb:28:in `tagged'
activesupport (6.0.1) lib/active_support/tagged_logging.rb:80:in `tagged'
railties (6.0.1) lib/rails/rack/logger.rb:26:in `call'
sprockets-rails (3.2.1) lib/sprockets/rails/quiet_assets.rb:13:in `call'
actionpack (6.0.1) lib/action_dispatch/middleware/remote_ip.rb:81:in `call'
actionpack (6.0.1) lib/action_dispatch/middleware/request_id.rb:27:in `call'
rack (2.0.7) lib/rack/method_override.rb:22:in `call'
rack (2.0.7) lib/rack/runtime.rb:22:in `call'
activesupport (6.0.1) lib/active_support/cache/strategy/local_cache_middleware.rb:29:in `call'
actionpack (6.0.1) lib/action_dispatch/middleware/executor.rb:14:in `call'
actionpack (6.0.1) lib/action_dispatch/middleware/static.rb:126:in `call'
rack (2.0.7) lib/rack/sendfile.rb:111:in `call'
actionpack (6.0.1) lib/action_dispatch/middleware/host_authorization.rb:83:in `call'
webpacker (4.2.2) lib/webpacker/dev_server_proxy.rb:23:in `perform_request'
rack-proxy (0.6.5) lib/rack/proxy.rb:57:in `call'
railties (6.0.1) lib/rails/engine.rb:526:in `call'
puma (4.3.1) lib/puma/configuration.rb:228:in `call'
puma (4.3.1) lib/puma/server.rb:681:in `handle_request'
puma (4.3.1) lib/puma/server.rb:472:in `process_client'
puma (4.3.1) lib/puma/server.rb:328:in `block in run'
puma (4.3.1) lib/puma/thread_pool.rb:134:in `block in spawn_thread'
Started GET "/" for ::1 at 2020-02-03 15:15:08 +0000
  [1m[35m (0.3ms)[0m  [1m[34mSELECT sqlite_version(*)[0m
Processing by StaticPagesController#home as HTML
  Rendering static_pages/home.html.erb within layouts/application
  Rendered static_pages/home.html.erb within layouts/application (Duration: 2.7ms | Allocations: 212)
[Webpacker] Everything's up-to-date. Nothing to do
Completed 200 OK in 233ms (Views: 220.3ms | ActiveRecord: 0.0ms | Allocations: 19366)


Started GET "/book/new" for ::1 at 2020-02-03 15:15:16 +0000
  
ActionController::RoutingError (No route matches [GET] "/book/new"):
  
actionpack (6.0.1) lib/action_dispatch/middleware/debug_exceptions.rb:36:in `call'
web-console (4.0.1) lib/web_console/middleware.rb:132:in `call_app'
web-console (4.0.1) lib/web_console/middleware.rb:28:in `block in call'
web-console (4.0.1) lib/web_console/middleware.rb:17:in `catch'
web-console (4.0.1) lib/web_console/middleware.rb:17:in `call'
actionpack (6.0.1) lib/action_dispatch/middleware/show_exceptions.rb:33:in `call'
railties (6.0.1) lib/rails/rack/logger.rb:38:in `call_app'
railties (6.0.1) lib/rails/rack/logger.rb:26:in `block in call'
activesupport (6.0.1) lib/active_support/tagged_logging.rb:80:in `block in tagged'
activesupport (6.0.1) lib/active_support/tagged_logging.rb:28:in `tagged'
activesupport (6.0.1) lib/active_support/tagged_logging.rb:80:in `tagged'
railties (6.0.1) lib/rails/rack/logger.rb:26:in `call'
sprockets-rails (3.2.1) lib/sprockets/rails/quiet_assets.rb:13:in `call'
actionpack (6.0.1) lib/action_dispatch/middleware/remote_ip.rb:81:in `call'
actionpack (6.0.1) lib/action_dispatch/middleware/request_id.rb:27:in `call'
rack (2.0.7) lib/rack/method_override.rb:22:in `call'
rack (2.0.7) lib/rack/runtime.rb:22:in `call'
activesupport (6.0.1) lib/active_support/cache/strategy/local_cache_middleware.rb:29:in `call'
actionpack (6.0.1) lib/action_dispatch/middleware/executor.rb:14:in `call'
actionpack (6.0.1) lib/action_dispatch/middleware/static.rb:126:in `call'
rack (2.0.7) lib/rack/sendfile.rb:111:in `call'
actionpack (6.0.1) lib/action_dispatch/middleware/host_authorization.rb:83:in `call'
webpacker (4.2.2) lib/webpacker/dev_server_proxy.rb:23:in `perform_request'
rack-proxy (0.6.5) lib/rack/proxy.rb:57:in `call'
railties (6.0.1) lib/rails/engine.rb:526:in `call'
puma (4.3.1) lib/puma/configuration.rb:228:in `call'
puma (4.3.1) lib/puma/server.rb:681:in `handle_request'
puma (4.3.1) lib/puma/server.rb:472:in `process_client'
puma (4.3.1) lib/puma/server.rb:328:in `block in run'
puma (4.3.1) lib/puma/thread_pool.rb:134:in `block in spawn_thread'
Started GET "/" for ::1 at 2020-02-03 15:15:34 +0000
Processing by StaticPagesController#home as HTML
  Rendering static_pages/home.html.erb within layouts/application
  Rendered static_pages/home.html.erb within layouts/application (Duration: 0.0ms | Allocations: 5)
[Webpacker] Everything's up-to-date. Nothing to do
Completed 200 OK in 8ms (Views: 7.6ms | ActiveRecord: 0.0ms | Allocations: 3964)


Started GET "/" for ::1 at 2020-02-03 15:15:39 +0000
Processing by StaticPagesController#home as HTML
  Rendering static_pages/home.html.erb within layouts/application
  Rendered static_pages/home.html.erb within layouts/application (Duration: 0.0ms | Allocations: 5)
[Webpacker] Everything's up-to-date. Nothing to do
Completed 200 OK in 23ms (Views: 22.7ms | ActiveRecord: 0.0ms | Allocations: 3912)


Started GET "/" for ::1 at 2020-02-03 15:15:41 +0000
Processing by StaticPagesController#home as HTML
  Rendering static_pages/home.html.erb within layouts/application
  Rendered static_pages/home.html.erb within layouts/application (Duration: 0.0ms | Allocations: 4)
[Webpacker] Everything's up-to-date. Nothing to do
Completed 200 OK in 24ms (Views: 24.0ms | ActiveRecord: 0.0ms | Allocations: 3914)


Started GET "/" for ::1 at 2020-02-03 15:15:41 +0000
Processing by StaticPagesController#home as HTML
  Rendering static_pages/home.html.erb within layouts/application
  Rendered static_pages/home.html.erb within layouts/application (Duration: 0.0ms | Allocations: 4)
[Webpacker] Everything's up-to-date. Nothing to do
Completed 200 OK in 19ms (Views: 17.8ms | ActiveRecord: 0.0ms | Allocations: 3915)


Started GET "/" for ::1 at 2020-02-03 15:15:42 +0000
Processing by StaticPagesController#home as HTML
  Rendering static_pages/home.html.erb within layouts/application
  Rendered static_pages/home.html.erb within layouts/application (Duration: 0.0ms | Allocations: 5)
[Webpacker] Everything's up-to-date. Nothing to do
Completed 200 OK in 22ms (Views: 21.6ms | ActiveRecord: 0.0ms | Allocations: 3920)


Started GET "/" for ::1 at 2020-02-03 15:15:42 +0000
Processing by StaticPagesController#home as HTML
  Rendering static_pages/home.html.erb within layouts/application
  Rendered static_pages/home.html.erb within layouts/application (Duration: 0.0ms | Allocations: 4)
[Webpacker] Everything's up-to-date. Nothing to do
Completed 200 OK in 18ms (Views: 17.3ms | ActiveRecord: 0.0ms | Allocations: 3918)


Started GET "/" for ::1 at 2020-02-03 15:15:42 +0000
Processing by StaticPagesController#home as HTML
  Rendering static_pages/home.html.erb within layouts/application
  Rendered static_pages/home.html.erb within layouts/application (Duration: 0.0ms | Allocations: 4)
[Webpacker] Everything's up-to-date. Nothing to do
Completed 200 OK in 11ms (Views: 10.9ms | ActiveRecord: 0.0ms | Allocations: 3910)


Started GET "/" for ::1 at 2020-02-03 15:15:42 +0000
Processing by StaticPagesController#home as HTML
  Rendering static_pages/home.html.erb within layouts/application
  Rendered static_pages/home.html.erb within layouts/application (Duration: 0.0ms | Allocations: 4)
[Webpacker] Everything's up-to-date. Nothing to do
Completed 200 OK in 6ms (Views: 5.2ms | ActiveRecord: 0.0ms | Allocations: 3910)


Started GET "/" for ::1 at 2020-02-03 15:15:42 +0000
Processing by StaticPagesController#home as HTML
  Rendering static_pages/home.html.erb within layouts/application
  Rendered static_pages/home.html.erb within layouts/application (Duration: 0.0ms | Allocations: 4)
[Webpacker] Everything's up-to-date. Nothing to do
Completed 200 OK in 22ms (Views: 21.7ms | ActiveRecord: 0.0ms | Allocations: 3916)


Started GET "/" for ::1 at 2020-02-03 15:15:43 +0000
Processing by StaticPagesController#home as HTML
  Rendering static_pages/home.html.erb within layouts/application
  Rendered static_pages/home.html.erb within layouts/application (Duration: 0.0ms | Allocations: 4)
[Webpacker] Everything's up-to-date. Nothing to do
Completed 200 OK in 25ms (Views: 24.3ms | ActiveRecord: 0.0ms | Allocations: 3912)


Started GET "/" for ::1 at 2020-02-03 15:15:43 +0000
Processing by StaticPagesController#home as HTML
  Rendering static_pages/home.html.erb within layouts/application
  Rendered static_pages/home.html.erb within layouts/application (Duration: 0.0ms | Allocations: 4)
[Webpacker] Everything's up-to-date. Nothing to do
Completed 200 OK in 25ms (Views: 23.8ms | ActiveRecord: 0.0ms | Allocations: 3909)


Started GET "/" for ::1 at 2020-02-03 15:17:31 +0000
Processing by StaticPagesController#home as HTML
  Rendering static_pages/home.html.erb within layouts/application
  Rendered static_pages/home.html.erb within layouts/application (Duration: 0.0ms | Allocations: 4)
[Webpacker] Everything's up-to-date. Nothing to do
Completed 200 OK in 18ms (Views: 17.4ms | ActiveRecord: 0.0ms | Allocations: 3935)


Started GET "/book/new" for ::1 at 2020-02-03 15:17:39 +0000
  
ActionController::RoutingError (No route matches [GET] "/book/new"):
  
actionpack (6.0.1) lib/action_dispatch/middleware/debug_exceptions.rb:36:in `call'
web-console (4.0.1) lib/web_console/middleware.rb:132:in `call_app'
web-console (4.0.1) lib/web_console/middleware.rb:28:in `block in call'
web-console (4.0.1) lib/web_console/middleware.rb:17:in `catch'
web-console (4.0.1) lib/web_console/middleware.rb:17:in `call'
actionpack (6.0.1) lib/action_dispatch/middleware/show_exceptions.rb:33:in `call'
railties (6.0.1) lib/rails/rack/logger.rb:38:in `call_app'
railties (6.0.1) lib/rails/rack/logger.rb:26:in `block in call'
activesupport (6.0.1) lib/active_support/tagged_logging.rb:80:in `block in tagged'
activesupport (6.0.1) lib/active_support/tagged_logging.rb:28:in `tagged'
activesupport (6.0.1) lib/active_support/tagged_logging.rb:80:in `tagged'
railties (6.0.1) lib/rails/rack/logger.rb:26:in `call'
sprockets-rails (3.2.1) lib/sprockets/rails/quiet_assets.rb:13:in `call'
actionpack (6.0.1) lib/action_dispatch/middleware/remote_ip.rb:81:in `call'
actionpack (6.0.1) lib/action_dispatch/middleware/request_id.rb:27:in `call'
rack (2.0.7) lib/rack/method_override.rb:22:in `call'
rack (2.0.7) lib/rack/runtime.rb:22:in `call'
activesupport (6.0.1) lib/active_support/cache/strategy/local_cache_middleware.rb:29:in `call'
actionpack (6.0.1) lib/action_dispatch/middleware/executor.rb:14:in `call'
actionpack (6.0.1) lib/action_dispatch/middleware/static.rb:126:in `call'
rack (2.0.7) lib/rack/sendfile.rb:111:in `call'
actionpack (6.0.1) lib/action_dispatch/middleware/host_authorization.rb:83:in `call'
webpacker (4.2.2) lib/webpacker/dev_server_proxy.rb:23:in `perform_request'
rack-proxy (0.6.5) lib/rack/proxy.rb:57:in `call'
railties (6.0.1) lib/rails/engine.rb:526:in `call'
puma (4.3.1) lib/puma/configuration.rb:228:in `call'
puma (4.3.1) lib/puma/server.rb:681:in `handle_request'
puma (4.3.1) lib/puma/server.rb:472:in `process_client'
puma (4.3.1) lib/puma/server.rb:328:in `block in run'
puma (4.3.1) lib/puma/thread_pool.rb:134:in `block in spawn_thread'
Started GET "/rails/info/routes?path=n" for ::1 at 2020-02-03 15:19:17 +0000
Processing by Rails::InfoController#routes as */*
  Parameters: {"path"=>"n"}
Completed 200 OK in 2ms (Views: 0.2ms | ActiveRecord: 0.0ms | Allocations: 2323)


Started GET "/rails/info/routes?path=new" for ::1 at 2020-02-03 15:19:18 +0000
Processing by Rails::InfoController#routes as */*
  Parameters: {"path"=>"new"}
Completed 200 OK in 1ms (Views: 0.1ms | ActiveRecord: 0.0ms | Allocations: 787)


Started GET "/book" for ::1 at 2020-02-03 15:19:30 +0000
  
ActionController::RoutingError (No route matches [GET] "/book"):
  
actionpack (6.0.1) lib/action_dispatch/middleware/debug_exceptions.rb:36:in `call'
web-console (4.0.1) lib/web_console/middleware.rb:132:in `call_app'
web-console (4.0.1) lib/web_console/middleware.rb:28:in `block in call'
web-console (4.0.1) lib/web_console/middleware.rb:17:in `catch'
web-console (4.0.1) lib/web_console/middleware.rb:17:in `call'
actionpack (6.0.1) lib/action_dispatch/middleware/show_exceptions.rb:33:in `call'
railties (6.0.1) lib/rails/rack/logger.rb:38:in `call_app'
railties (6.0.1) lib/rails/rack/logger.rb:26:in `block in call'
activesupport (6.0.1) lib/active_support/tagged_logging.rb:80:in `block in tagged'
activesupport (6.0.1) lib/active_support/tagged_logging.rb:28:in `tagged'
activesupport (6.0.1) lib/active_support/tagged_logging.rb:80:in `tagged'
railties (6.0.1) lib/rails/rack/logger.rb:26:in `call'
sprockets-rails (3.2.1) lib/sprockets/rails/quiet_assets.rb:13:in `call'
actionpack (6.0.1) lib/action_dispatch/middleware/remote_ip.rb:81:in `call'
actionpack (6.0.1) lib/action_dispatch/middleware/request_id.rb:27:in `call'
rack (2.0.7) lib/rack/method_override.rb:22:in `call'
rack (2.0.7) lib/rack/runtime.rb:22:in `call'
activesupport (6.0.1) lib/active_support/cache/strategy/local_cache_middleware.rb:29:in `call'
actionpack (6.0.1) lib/action_dispatch/middleware/executor.rb:14:in `call'
actionpack (6.0.1) lib/action_dispatch/middleware/static.rb:126:in `call'
rack (2.0.7) lib/rack/sendfile.rb:111:in `call'
actionpack (6.0.1) lib/action_dispatch/middleware/host_authorization.rb:83:in `call'
webpacker (4.2.2) lib/webpacker/dev_server_proxy.rb:23:in `perform_request'
rack-proxy (0.6.5) lib/rack/proxy.rb:57:in `call'
railties (6.0.1) lib/rails/engine.rb:526:in `call'
puma (4.3.1) lib/puma/configuration.rb:228:in `call'
puma (4.3.1) lib/puma/server.rb:681:in `handle_request'
puma (4.3.1) lib/puma/server.rb:472:in `process_client'
puma (4.3.1) lib/puma/server.rb:328:in `block in run'
puma (4.3.1) lib/puma/thread_pool.rb:134:in `block in spawn_thread'
Started GET "/books/new" for ::1 at 2020-02-03 15:19:39 +0000
  
SyntaxError (/home/student/myRubyApps/rubyonRails/bookstore_app/app/controllers/books_controller.rb:1: syntax error, unexpected '<'
<div class=" container">
^
/home/student/myRubyApps/rubyonRails/bookstore_app/app/controllers/books_controller.rb:2: syntax error, unexpected '<'
<h1> Add New Book </h1>
^
/home/student/myRubyApps/rubyonRails/bookstore_app/app/controllers/books_controller.rb:2: syntax error, unexpected tCONSTANT, expecting do or '{' or '('
<h1> Add New Book </h1>
         ^~~
/home/student/myRubyApps/rubyonRails/bookstore_app/app/controllers/books_controller.rb:7: unknown regexp options - dv
/home/student/myRubyApps/rubyonRails/bookstore_app/app/controllers/books_controller.rb:8: syntax error, unexpected '<'
    <div class="form-group">
    ^
/home/student/myRubyApps/rubyonRails/bookstore_app/app/controllers/books_controller.rb:9: syntax error, unexpected '<'
    <%= f.label :price %>
    ^
/home/student/myRubyApps/rubyonRails/bookstore_app/app/controllers/books_controller.rb:10: syntax error, unexpected tIDENTIFIER, expecting end-of-input
    <%= f.number_field :price %>
        ^):
  
app/controllers/books_controller.rb:1: syntax error, unexpected '<'
app/controllers/books_controller.rb:2: syntax error, unexpected '<'
app/controllers/books_controller.rb:2: syntax error, unexpected tCONSTANT, expecting do or '{' or '('
app/controllers/books_controller.rb:7: unknown regexp options - dv
app/controllers/books_controller.rb:8: syntax error, unexpected '<'
app/controllers/books_controller.rb:9: syntax error, unexpected '<'
app/controllers/books_controller.rb:10: syntax error, unexpected tIDENTIFIER, expecting end-of-input
app/controllers/books_controller.rb:1: syntax error, unexpected '<'
app/controllers/books_controller.rb:2: syntax error, unexpected '<'
app/controllers/books_controller.rb:2: syntax error, unexpected tCONSTANT, expecting do or '{' or '('
app/controllers/books_controller.rb:7: unknown regexp options - dv
app/controllers/books_controller.rb:8: syntax error, unexpected '<'
app/controllers/books_controller.rb:9: syntax error, unexpected '<'
app/controllers/books_controller.rb:10: syntax error, unexpected tIDENTIFIER, expecting end-of-input
app/controllers/books_controller.rb:1: syntax error, unexpected '<'
app/controllers/books_controller.rb:2: syntax error, unexpected '<'
app/controllers/books_controller.rb:2: syntax error, unexpected tCONSTANT, expecting do or '{' or '('
app/controllers/books_controller.rb:7: unknown regexp options - dv
app/controllers/books_controller.rb:8: syntax error, unexpected '<'
app/controllers/books_controller.rb:9: syntax error, unexpected '<'
app/controllers/books_controller.rb:10: syntax error, unexpected tIDENTIFIER, expecting end-of-input
Started GET "/books/new" for ::1 at 2020-02-03 15:20:37 +0000
  [1m[35m (8.1ms)[0m  [1m[34mSELECT sqlite_version(*)[0m
  
ActionController::RoutingError (uninitialized constant BooksController
Did you mean?  BookController):
  
activesupport (6.0.1) lib/active_support/inflector/methods.rb:282:in `const_get'
activesupport (6.0.1) lib/active_support/inflector/methods.rb:282:in `block in constantize'
activesupport (6.0.1) lib/active_support/inflector/methods.rb:280:in `each'
activesupport (6.0.1) lib/active_support/inflector/methods.rb:280:in `inject'
activesupport (6.0.1) lib/active_support/inflector/methods.rb:280:in `constantize'
activesupport (6.0.1) lib/active_support/dependencies/zeitwerk_integration.rb:19:in `constantize'
actionpack (6.0.1) lib/action_dispatch/http/request.rb:88:in `controller_class_for'
actionpack (6.0.1) lib/action_dispatch/http/request.rb:81:in `controller_class'
actionpack (6.0.1) lib/action_dispatch/routing/route_set.rb:45:in `controller'
actionpack (6.0.1) lib/action_dispatch/routing/route_set.rb:31:in `serve'
actionpack (6.0.1) lib/action_dispatch/journey/router.rb:49:in `block in serve'
actionpack (6.0.1) lib/action_dispatch/journey/router.rb:32:in `each'
actionpack (6.0.1) lib/action_dispatch/journey/router.rb:32:in `serve'
actionpack (6.0.1) lib/action_dispatch/routing/route_set.rb:837:in `call'
rack (2.0.7) lib/rack/tempfile_reaper.rb:15:in `call'
rack (2.0.7) lib/rack/etag.rb:25:in `call'
rack (2.0.7) lib/rack/conditional_get.rb:25:in `call'
rack (2.0.7) lib/rack/head.rb:12:in `call'
actionpack (6.0.1) lib/action_dispatch/http/content_security_policy.rb:18:in `call'
rack (2.0.7) lib/rack/session/abstract/id.rb:232:in `context'
rack (2.0.7) lib/rack/session/abstract/id.rb:226:in `call'
actionpack (6.0.1) lib/action_dispatch/middleware/cookies.rb:648:in `call'
activerecord (6.0.1) lib/active_record/migration.rb:567:in `call'
actionpack (6.0.1) lib/action_dispatch/middleware/callbacks.rb:27:in `block in call'
activesupport (6.0.1) lib/active_support/callbacks.rb:101:in `run_callbacks'
actionpack (6.0.1) lib/action_dispatch/middleware/callbacks.rb:26:in `call'
actionpack (6.0.1) lib/action_dispatch/middleware/executor.rb:14:in `call'
actionpack (6.0.1) lib/action_dispatch/middleware/actionable_exceptions.rb:17:in `call'
actionpack (6.0.1) lib/action_dispatch/middleware/debug_exceptions.rb:32:in `call'
web-console (4.0.1) lib/web_console/middleware.rb:132:in `call_app'
web-console (4.0.1) lib/web_console/middleware.rb:28:in `block in call'
web-console (4.0.1) lib/web_console/middleware.rb:17:in `catch'
web-console (4.0.1) lib/web_console/middleware.rb:17:in `call'
actionpack (6.0.1) lib/action_dispatch/middleware/show_exceptions.rb:33:in `call'
railties (6.0.1) lib/rails/rack/logger.rb:38:in `call_app'
railties (6.0.1) lib/rails/rack/logger.rb:26:in `block in call'
activesupport (6.0.1) lib/active_support/tagged_logging.rb:80:in `block in tagged'
activesupport (6.0.1) lib/active_support/tagged_logging.rb:28:in `tagged'
activesupport (6.0.1) lib/active_support/tagged_logging.rb:80:in `tagged'
railties (6.0.1) lib/rails/rack/logger.rb:26:in `call'
sprockets-rails (3.2.1) lib/sprockets/rails/quiet_assets.rb:13:in `call'
actionpack (6.0.1) lib/action_dispatch/middleware/remote_ip.rb:81:in `call'
actionpack (6.0.1) lib/action_dispatch/middleware/request_id.rb:27:in `call'
rack (2.0.7) lib/rack/method_override.rb:22:in `call'
rack (2.0.7) lib/rack/runtime.rb:22:in `call'
activesupport (6.0.1) lib/active_support/cache/strategy/local_cache_middleware.rb:29:in `call'
actionpack (6.0.1) lib/action_dispatch/middleware/executor.rb:14:in `call'
actionpack (6.0.1) lib/action_dispatch/middleware/static.rb:126:in `call'
rack (2.0.7) lib/rack/sendfile.rb:111:in `call'
actionpack (6.0.1) lib/action_dispatch/middleware/host_authorization.rb:83:in `call'
webpacker (4.2.2) lib/webpacker/dev_server_proxy.rb:23:in `perform_request'
rack-proxy (0.6.5) lib/rack/proxy.rb:57:in `call'
railties (6.0.1) lib/rails/engine.rb:526:in `call'
puma (4.3.1) lib/puma/configuration.rb:228:in `call'
puma (4.3.1) lib/puma/server.rb:681:in `handle_request'
puma (4.3.1) lib/puma/server.rb:472:in `process_client'
puma (4.3.1) lib/puma/server.rb:328:in `block in run'
puma (4.3.1) lib/puma/thread_pool.rb:134:in `block in spawn_thread'
Started GET "/rails/info/routes?path=bok" for ::1 at 2020-02-03 15:20:42 +0000
Processing by Rails::InfoController#routes as */*
  Parameters: {"path"=>"bok"}
Completed 200 OK in 1ms (Views: 0.1ms | ActiveRecord: 0.0ms | Allocations: 1816)


Started GET "/rails/info/routes?path=bo" for ::1 at 2020-02-03 15:20:43 +0000
Processing by Rails::InfoController#routes as */*
  Parameters: {"path"=>"bo"}
Completed 200 OK in 3ms (Views: 0.5ms | ActiveRecord: 0.0ms | Allocations: 1229)


Started GET "/rails/info/routes?path=book" for ::1 at 2020-02-03 15:20:44 +0000
Processing by Rails::InfoController#routes as */*
  Parameters: {"path"=>"book"}
Completed 200 OK in 1ms (Views: 0.1ms | ActiveRecord: 0.0ms | Allocations: 875)


Started GET "/rails/info/routes?path=book/n" for ::1 at 2020-02-03 15:20:45 +0000
Processing by Rails::InfoController#routes as */*
  Parameters: {"path"=>"book/n"}
Completed 200 OK in 1ms (Views: 0.1ms | ActiveRecord: 0.0ms | Allocations: 748)


Started GET "/rails/info/routes?path=book/new" for ::1 at 2020-02-03 15:20:46 +0000
Processing by Rails::InfoController#routes as */*
  Parameters: {"path"=>"book/new"}
Completed 200 OK in 1ms (Views: 0.1ms | ActiveRecord: 0.0ms | Allocations: 747)


Started GET "/rails/info/routes?path=book/n" for ::1 at 2020-02-03 15:20:47 +0000
Processing by Rails::InfoController#routes as */*
  Parameters: {"path"=>"book/n"}
Completed 200 OK in 3ms (Views: 0.3ms | ActiveRecord: 0.0ms | Allocations: 741)


Started GET "/rails/info/routes?path=new" for ::1 at 2020-02-03 15:20:51 +0000
Processing by Rails::InfoController#routes as */*
  Parameters: {"path"=>"new"}
Completed 200 OK in 1ms (Views: 0.1ms | ActiveRecord: 0.0ms | Allocations: 787)


Started GET "/books/new" for ::1 at 2020-02-03 15:28:09 +0000
  [1m[35m (0.1ms)[0m  [1m[34mSELECT sqlite_version(*)[0m
  
ActionController::RoutingError (uninitialized constant BooksController
Did you mean?  BookController):
  
activesupport (6.0.1) lib/active_support/inflector/methods.rb:282:in `const_get'
activesupport (6.0.1) lib/active_support/inflector/methods.rb:282:in `block in constantize'
activesupport (6.0.1) lib/active_support/inflector/methods.rb:280:in `each'
activesupport (6.0.1) lib/active_support/inflector/methods.rb:280:in `inject'
activesupport (6.0.1) lib/active_support/inflector/methods.rb:280:in `constantize'
activesupport (6.0.1) lib/active_support/dependencies/zeitwerk_integration.rb:19:in `constantize'
actionpack (6.0.1) lib/action_dispatch/http/request.rb:88:in `controller_class_for'
actionpack (6.0.1) lib/action_dispatch/http/request.rb:81:in `controller_class'
actionpack (6.0.1) lib/action_dispatch/routing/route_set.rb:45:in `controller'
actionpack (6.0.1) lib/action_dispatch/routing/route_set.rb:31:in `serve'
actionpack (6.0.1) lib/action_dispatch/journey/router.rb:49:in `block in serve'
actionpack (6.0.1) lib/action_dispatch/journey/router.rb:32:in `each'
actionpack (6.0.1) lib/action_dispatch/journey/router.rb:32:in `serve'
actionpack (6.0.1) lib/action_dispatch/routing/route_set.rb:837:in `call'
rack (2.0.7) lib/rack/tempfile_reaper.rb:15:in `call'
rack (2.0.7) lib/rack/etag.rb:25:in `call'
rack (2.0.7) lib/rack/conditional_get.rb:25:in `call'
rack (2.0.7) lib/rack/head.rb:12:in `call'
actionpack (6.0.1) lib/action_dispatch/http/content_security_policy.rb:18:in `call'
rack (2.0.7) lib/rack/session/abstract/id.rb:232:in `context'
rack (2.0.7) lib/rack/session/abstract/id.rb:226:in `call'
actionpack (6.0.1) lib/action_dispatch/middleware/cookies.rb:648:in `call'
activerecord (6.0.1) lib/active_record/migration.rb:567:in `call'
actionpack (6.0.1) lib/action_dispatch/middleware/callbacks.rb:27:in `block in call'
activesupport (6.0.1) lib/active_support/callbacks.rb:101:in `run_callbacks'
actionpack (6.0.1) lib/action_dispatch/middleware/callbacks.rb:26:in `call'
actionpack (6.0.1) lib/action_dispatch/middleware/executor.rb:14:in `call'
actionpack (6.0.1) lib/action_dispatch/middleware/actionable_exceptions.rb:17:in `call'
actionpack (6.0.1) lib/action_dispatch/middleware/debug_exceptions.rb:32:in `call'
web-console (4.0.1) lib/web_console/middleware.rb:132:in `call_app'
web-console (4.0.1) lib/web_console/middleware.rb:28:in `block in call'
web-console (4.0.1) lib/web_console/middleware.rb:17:in `catch'
web-console (4.0.1) lib/web_console/middleware.rb:17:in `call'
actionpack (6.0.1) lib/action_dispatch/middleware/show_exceptions.rb:33:in `call'
railties (6.0.1) lib/rails/rack/logger.rb:38:in `call_app'
railties (6.0.1) lib/rails/rack/logger.rb:26:in `block in call'
activesupport (6.0.1) lib/active_support/tagged_logging.rb:80:in `block in tagged'
activesupport (6.0.1) lib/active_support/tagged_logging.rb:28:in `tagged'
activesupport (6.0.1) lib/active_support/tagged_logging.rb:80:in `tagged'
railties (6.0.1) lib/rails/rack/logger.rb:26:in `call'
sprockets-rails (3.2.1) lib/sprockets/rails/quiet_assets.rb:13:in `call'
actionpack (6.0.1) lib/action_dispatch/middleware/remote_ip.rb:81:in `call'
actionpack (6.0.1) lib/action_dispatch/middleware/request_id.rb:27:in `call'
rack (2.0.7) lib/rack/method_override.rb:22:in `call'
rack (2.0.7) lib/rack/runtime.rb:22:in `call'
activesupport (6.0.1) lib/active_support/cache/strategy/local_cache_middleware.rb:29:in `call'
actionpack (6.0.1) lib/action_dispatch/middleware/executor.rb:14:in `call'
actionpack (6.0.1) lib/action_dispatch/middleware/static.rb:126:in `call'
rack (2.0.7) lib/rack/sendfile.rb:111:in `call'
actionpack (6.0.1) lib/action_dispatch/middleware/host_authorization.rb:83:in `call'
webpacker (4.2.2) lib/webpacker/dev_server_proxy.rb:23:in `perform_request'
rack-proxy (0.6.5) lib/rack/proxy.rb:57:in `call'
railties (6.0.1) lib/rails/engine.rb:526:in `call'
puma (4.3.1) lib/puma/configuration.rb:228:in `call'
puma (4.3.1) lib/puma/server.rb:681:in `handle_request'
puma (4.3.1) lib/puma/server.rb:472:in `process_client'
puma (4.3.1) lib/puma/server.rb:328:in `block in run'
puma (4.3.1) lib/puma/thread_pool.rb:134:in `block in spawn_thread'
Started GET "/book/new" for ::1 at 2020-02-03 15:28:16 +0000
  
ActionController::RoutingError (No route matches [GET] "/book/new"):
  
actionpack (6.0.1) lib/action_dispatch/middleware/debug_exceptions.rb:36:in `call'
web-console (4.0.1) lib/web_console/middleware.rb:132:in `call_app'
web-console (4.0.1) lib/web_console/middleware.rb:28:in `block in call'
web-console (4.0.1) lib/web_console/middleware.rb:17:in `catch'
web-console (4.0.1) lib/web_console/middleware.rb:17:in `call'
actionpack (6.0.1) lib/action_dispatch/middleware/show_exceptions.rb:33:in `call'
railties (6.0.1) lib/rails/rack/logger.rb:38:in `call_app'
railties (6.0.1) lib/rails/rack/logger.rb:26:in `block in call'
activesupport (6.0.1) lib/active_support/tagged_logging.rb:80:in `block in tagged'
activesupport (6.0.1) lib/active_support/tagged_logging.rb:28:in `tagged'
activesupport (6.0.1) lib/active_support/tagged_logging.rb:80:in `tagged'
railties (6.0.1) lib/rails/rack/logger.rb:26:in `call'
sprockets-rails (3.2.1) lib/sprockets/rails/quiet_assets.rb:13:in `call'
actionpack (6.0.1) lib/action_dispatch/middleware/remote_ip.rb:81:in `call'
actionpack (6.0.1) lib/action_dispatch/middleware/request_id.rb:27:in `call'
rack (2.0.7) lib/rack/method_override.rb:22:in `call'
rack (2.0.7) lib/rack/runtime.rb:22:in `call'
activesupport (6.0.1) lib/active_support/cache/strategy/local_cache_middleware.rb:29:in `call'
actionpack (6.0.1) lib/action_dispatch/middleware/executor.rb:14:in `call'
actionpack (6.0.1) lib/action_dispatch/middleware/static.rb:126:in `call'
rack (2.0.7) lib/rack/sendfile.rb:111:in `call'
actionpack (6.0.1) lib/action_dispatch/middleware/host_authorization.rb:83:in `call'
webpacker (4.2.2) lib/webpacker/dev_server_proxy.rb:23:in `perform_request'
rack-proxy (0.6.5) lib/rack/proxy.rb:57:in `call'
railties (6.0.1) lib/rails/engine.rb:526:in `call'
puma (4.3.1) lib/puma/configuration.rb:228:in `call'
puma (4.3.1) lib/puma/server.rb:681:in `handle_request'
puma (4.3.1) lib/puma/server.rb:472:in `process_client'
puma (4.3.1) lib/puma/server.rb:328:in `block in run'
puma (4.3.1) lib/puma/thread_pool.rb:134:in `block in spawn_thread'
Started GET "/book/new" for ::1 at 2020-02-03 15:36:14 +0000
  
NameError (undefined local variable or method `g' for #<ActionDispatch::Routing::Mapper:0x00007fb954d114a0>):
  
config/routes.rb:6:in `block in <main>'
config/routes.rb:1:in `<main>'
Started GET "/book/new" for ::1 at 2020-02-03 15:36:28 +0000
  [1m[35m (0.0ms)[0m  [1m[34mSELECT sqlite_version(*)[0m
Processing by BookController#new as HTML
  Rendering book/new.html.erb within layouts/application
  Rendered book/new.html.erb within layouts/application (Duration: 1379.9ms | Allocations: 144765)
Completed 500 Internal Server Error in 1399ms (ActiveRecord: 0.0ms | Allocations: 146000)


  
ActionView::Template::Error (undefined local variable or method `books_path' for #<#<Class:0x00007fb94825c520>:0x00007fb948266b88>
Did you mean?  book_path):
    1: <div class="container">
    2: <h1> Add New Book </h1>
    3: <%= form_for :book, url:books_path do |f| %>
    4:     <div class="form-group">
    5:     <%= f.label  :title %>
    6:     <%= f.text_field :price %>
  
app/views/book/new.html.erb:3
Started GET "/book/new" for ::1 at 2020-02-03 15:37:43 +0000
Processing by BookController#new as HTML
  Rendering book/new.html.erb within layouts/application
  Rendered book/new.html.erb within layouts/application (Duration: 0.8ms | Allocations: 1329)
Completed 500 Internal Server Error in 7ms (ActiveRecord: 0.0ms | Allocations: 2506)


  
ActionView::Template::Error (No route matches {:action=>"show", :controller=>"book"}, missing required keys: [:id]):
    1: <div class="container">
    2: <h1> Add New Book </h1>
    3: <%= form_for :book, url:book_path do |f| %>
    4:     <div class="form-group">
    5:     <%= f.label  :title %>
    6:     <%= f.text_field :price %>
  
app/views/book/new.html.erb:3
Started GET "/book/new" for ::1 at 2020-02-03 15:38:42 +0000
Processing by BookController#new as HTML
  Rendering book/new.html.erb within layouts/application
  Rendered book/new.html.erb within layouts/application (Duration: 0.6ms | Allocations: 1317)
Completed 500 Internal Server Error in 2ms (ActiveRecord: 0.0ms | Allocations: 2472)


  
ActionView::Template::Error (No route matches {:action=>"show", :controller=>"book"}, missing required keys: [:id]):
    1: <div class="container">
    2: <h1> Add New Book </h1>
    3: <%= form_for :book, url: book_path do |f| %>
    4:     <div class="form-group">
    5:     <%= f.label  :title %>
    6:     <%= f.text_field :price %>
  
app/views/book/new.html.erb:3
Started GET "/book/new" for ::1 at 2020-02-03 15:38:46 +0000
Processing by BookController#new as HTML
  Rendering book/new.html.erb within layouts/application
  Rendered book/new.html.erb within layouts/application (Duration: 0.4ms | Allocations: 954)
Completed 500 Internal Server Error in 1ms (ActiveRecord: 0.0ms | Allocations: 1364)


  
ActionView::Template::Error (No route matches {:action=>"show", :controller=>"book"}, missing required keys: [:id]):
    1: <div class="container">
    2: <h1> Add New Book </h1>
    3: <%= form_for :book, url: book_path do |f| %>
    4:     <div class="form-group">
    5:     <%= f.label  :title %>
    6:     <%= f.text_field :price %>
  
app/views/book/new.html.erb:3
Started GET "/book/new" for ::1 at 2020-02-03 15:39:55 +0000
Processing by BookController#new as HTML
  Rendering book/new.html.erb within layouts/application
  Rendered book/new.html.erb within layouts/application (Duration: 0.3ms | Allocations: 954)
Completed 500 Internal Server Error in 1ms (ActiveRecord: 0.0ms | Allocations: 1363)


  
ActionView::Template::Error (No route matches {:action=>"show", :controller=>"book"}, missing required keys: [:id]):
    1: <div class="container">
    2: <h1> Add New Book </h1>
    3: <%= form_for :book, url: book_path do |f| %>
    4:     <div class="form-group">
    5:     <%= f.label  :title %>
    6:     <%= f.text_field :price %>
  
app/views/book/new.html.erb:3
DEPRECATION WARNING: Using `bin/rake routes` is deprecated and will be removed in Rails 6.1. Use `bin/rails routes` instead.
 (called from load at /home/student/.rvm/gems/ruby-2.6.3/bin/rake:23)
Started GET "/book/new" for ::1 at 2020-02-03 15:45:06 +0000
  [1m[35m (0.3ms)[0m  [1m[34mSELECT sqlite_version(*)[0m
Processing by BookController#new as HTML
  Rendering book/new.html.erb within layouts/application
  Rendered book/new.html.erb within layouts/application (Duration: 3.5ms | Allocations: 1788)
Completed 500 Internal Server Error in 38ms (ActiveRecord: 0.0ms | Allocations: 3707)


  
ActionView::Template::Error (No route matches {:action=>"show", :controller=>"book"}, missing required keys: [:id]):
    1: <div class="container">
    2: <h1> Add New Book </h1>
    3: <%= form_for :book, url: book_path do |f| %>
    4:     <div class="form-group">
    5:     <%= f.label  :title %>
    6:     <%= f.text_field :price %>
  
app/views/book/new.html.erb:3
Started GET "/book/new" for ::1 at 2020-02-03 15:54:17 +0000
  [1m[35m (0.1ms)[0m  [1m[34mSELECT sqlite_version(*)[0m
Processing by BookController#new as HTML
  Rendering book/new.html.erb within layouts/application
  Rendered book/new.html.erb within layouts/application (Duration: 0.4ms | Allocations: 956)
Completed 500 Internal Server Error in 7ms (ActiveRecord: 0.0ms | Allocations: 1374)


  
ActionView::Template::Error (No route matches {:action=>"show", :controller=>"book"}, missing required keys: [:id]):
    1: <div class="container">
    2: <h1> Add New Book </h1>
    3: <%= form_for :book, url: book_path do |f| %>
    4:     <div class="form-group">
    5:     <%= f.label  :title %>
    6:     <%= f.text_field :price %>
  
app/views/book/new.html.erb:3
Started GET "/" for ::1 at 2020-02-06 14:10:44 +0000
  
Mysql2::Error (Access denied for user 'name_of_user'@'localhost'):
  
mysql2 (0.5.3) lib/mysql2/client.rb:90:in `connect'
mysql2 (0.5.3) lib/mysql2/client.rb:90:in `initialize'
activerecord (6.0.1) lib/active_record/connection_adapters/mysql2_adapter.rb:24:in `new'
activerecord (6.0.1) lib/active_record/connection_adapters/mysql2_adapter.rb:24:in `mysql2_connection'
activerecord (6.0.1) lib/active_record/connection_adapters/abstract/connection_pool.rb:889:in `new_connection'
activerecord (6.0.1) lib/active_record/connection_adapters/abstract/connection_pool.rb:933:in `checkout_new_connection'
activerecord (6.0.1) lib/active_record/connection_adapters/abstract/connection_pool.rb:912:in `try_to_checkout_new_connection'
activerecord (6.0.1) lib/active_record/connection_adapters/abstract/connection_pool.rb:873:in `acquire_connection'
activerecord (6.0.1) lib/active_record/connection_adapters/abstract/connection_pool.rb:595:in `checkout'
activerecord (6.0.1) lib/active_record/connection_adapters/abstract/connection_pool.rb:439:in `connection'
activerecord (6.0.1) lib/active_record/connection_adapters/abstract/connection_pool.rb:1121:in `retrieve_connection'
activerecord (6.0.1) lib/active_record/connection_handling.rb:238:in `retrieve_connection'
activerecord (6.0.1) lib/active_record/connection_handling.rb:206:in `connection'
activerecord (6.0.1) lib/active_record/migration.rb:562:in `call'
actionpack (6.0.1) lib/action_dispatch/middleware/callbacks.rb:27:in `block in call'
activesupport (6.0.1) lib/active_support/callbacks.rb:101:in `run_callbacks'
actionpack (6.0.1) lib/action_dispatch/middleware/callbacks.rb:26:in `call'
actionpack (6.0.1) lib/action_dispatch/middleware/executor.rb:14:in `call'
actionpack (6.0.1) lib/action_dispatch/middleware/actionable_exceptions.rb:17:in `call'
actionpack (6.0.1) lib/action_dispatch/middleware/debug_exceptions.rb:32:in `call'
web-console (4.0.1) lib/web_console/middleware.rb:132:in `call_app'
web-console (4.0.1) lib/web_console/middleware.rb:28:in `block in call'
web-console (4.0.1) lib/web_console/middleware.rb:17:in `catch'
web-console (4.0.1) lib/web_console/middleware.rb:17:in `call'
actionpack (6.0.1) lib/action_dispatch/middleware/show_exceptions.rb:33:in `call'
railties (6.0.1) lib/rails/rack/logger.rb:38:in `call_app'
railties (6.0.1) lib/rails/rack/logger.rb:26:in `block in call'
activesupport (6.0.1) lib/active_support/tagged_logging.rb:80:in `block in tagged'
activesupport (6.0.1) lib/active_support/tagged_logging.rb:28:in `tagged'
activesupport (6.0.1) lib/active_support/tagged_logging.rb:80:in `tagged'
railties (6.0.1) lib/rails/rack/logger.rb:26:in `call'
sprockets-rails (3.2.1) lib/sprockets/rails/quiet_assets.rb:13:in `call'
actionpack (6.0.1) lib/action_dispatch/middleware/remote_ip.rb:81:in `call'
actionpack (6.0.1) lib/action_dispatch/middleware/request_id.rb:27:in `call'
rack (2.0.7) lib/rack/method_override.rb:22:in `call'
rack (2.0.7) lib/rack/runtime.rb:22:in `call'
activesupport (6.0.1) lib/active_support/cache/strategy/local_cache_middleware.rb:29:in `call'
actionpack (6.0.1) lib/action_dispatch/middleware/executor.rb:14:in `call'
actionpack (6.0.1) lib/action_dispatch/middleware/static.rb:126:in `call'
rack (2.0.7) lib/rack/sendfile.rb:111:in `call'
actionpack (6.0.1) lib/action_dispatch/middleware/host_authorization.rb:83:in `call'
webpacker (4.2.2) lib/webpacker/dev_server_proxy.rb:23:in `perform_request'
rack-proxy (0.6.5) lib/rack/proxy.rb:57:in `call'
railties (6.0.1) lib/rails/engine.rb:526:in `call'
puma (4.3.1) lib/puma/configuration.rb:228:in `call'
puma (4.3.1) lib/puma/server.rb:681:in `handle_request'
puma (4.3.1) lib/puma/server.rb:472:in `process_client'
puma (4.3.1) lib/puma/server.rb:328:in `block in run'
puma (4.3.1) lib/puma/thread_pool.rb:134:in `block in spawn_thread'
Started GET "/book/new" for ::1 at 2020-02-06 14:11:11 +0000
  
Mysql2::Error (Access denied for user 'name_of_user'@'localhost'):
  
mysql2 (0.5.3) lib/mysql2/client.rb:90:in `connect'
mysql2 (0.5.3) lib/mysql2/client.rb:90:in `initialize'
activerecord (6.0.1) lib/active_record/connection_adapters/mysql2_adapter.rb:24:in `new'
activerecord (6.0.1) lib/active_record/connection_adapters/mysql2_adapter.rb:24:in `mysql2_connection'
activerecord (6.0.1) lib/active_record/connection_adapters/abstract/connection_pool.rb:889:in `new_connection'
activerecord (6.0.1) lib/active_record/connection_adapters/abstract/connection_pool.rb:933:in `checkout_new_connection'
activerecord (6.0.1) lib/active_record/connection_adapters/abstract/connection_pool.rb:912:in `try_to_checkout_new_connection'
activerecord (6.0.1) lib/active_record/connection_adapters/abstract/connection_pool.rb:873:in `acquire_connection'
activerecord (6.0.1) lib/active_record/connection_adapters/abstract/connection_pool.rb:595:in `checkout'
activerecord (6.0.1) lib/active_record/connection_adapters/abstract/connection_pool.rb:439:in `connection'
activerecord (6.0.1) lib/active_record/connection_adapters/abstract/connection_pool.rb:1121:in `retrieve_connection'
activerecord (6.0.1) lib/active_record/connection_handling.rb:238:in `retrieve_connection'
activerecord (6.0.1) lib/active_record/connection_handling.rb:206:in `connection'
activerecord (6.0.1) lib/active_record/migration.rb:562:in `call'
actionpack (6.0.1) lib/action_dispatch/middleware/callbacks.rb:27:in `block in call'
activesupport (6.0.1) lib/active_support/callbacks.rb:101:in `run_callbacks'
actionpack (6.0.1) lib/action_dispatch/middleware/callbacks.rb:26:in `call'
actionpack (6.0.1) lib/action_dispatch/middleware/executor.rb:14:in `call'
actionpack (6.0.1) lib/action_dispatch/middleware/actionable_exceptions.rb:17:in `call'
actionpack (6.0.1) lib/action_dispatch/middleware/debug_exceptions.rb:32:in `call'
web-console (4.0.1) lib/web_console/middleware.rb:132:in `call_app'
web-console (4.0.1) lib/web_console/middleware.rb:28:in `block in call'
web-console (4.0.1) lib/web_console/middleware.rb:17:in `catch'
web-console (4.0.1) lib/web_console/middleware.rb:17:in `call'
actionpack (6.0.1) lib/action_dispatch/middleware/show_exceptions.rb:33:in `call'
railties (6.0.1) lib/rails/rack/logger.rb:38:in `call_app'
railties (6.0.1) lib/rails/rack/logger.rb:26:in `block in call'
activesupport (6.0.1) lib/active_support/tagged_logging.rb:80:in `block in tagged'
activesupport (6.0.1) lib/active_support/tagged_logging.rb:28:in `tagged'
activesupport (6.0.1) lib/active_support/tagged_logging.rb:80:in `tagged'
railties (6.0.1) lib/rails/rack/logger.rb:26:in `call'
sprockets-rails (3.2.1) lib/sprockets/rails/quiet_assets.rb:13:in `call'
actionpack (6.0.1) lib/action_dispatch/middleware/remote_ip.rb:81:in `call'
actionpack (6.0.1) lib/action_dispatch/middleware/request_id.rb:27:in `call'
rack (2.0.7) lib/rack/method_override.rb:22:in `call'
rack (2.0.7) lib/rack/runtime.rb:22:in `call'
activesupport (6.0.1) lib/active_support/cache/strategy/local_cache_middleware.rb:29:in `call'
actionpack (6.0.1) lib/action_dispatch/middleware/executor.rb:14:in `call'
actionpack (6.0.1) lib/action_dispatch/middleware/static.rb:126:in `call'
rack (2.0.7) lib/rack/sendfile.rb:111:in `call'
actionpack (6.0.1) lib/action_dispatch/middleware/host_authorization.rb:83:in `call'
webpacker (4.2.2) lib/webpacker/dev_server_proxy.rb:23:in `perform_request'
rack-proxy (0.6.5) lib/rack/proxy.rb:57:in `call'
railties (6.0.1) lib/rails/engine.rb:526:in `call'
puma (4.3.1) lib/puma/configuration.rb:228:in `call'
puma (4.3.1) lib/puma/server.rb:681:in `handle_request'
puma (4.3.1) lib/puma/server.rb:472:in `process_client'
puma (4.3.1) lib/puma/server.rb:328:in `block in run'
puma (4.3.1) lib/puma/thread_pool.rb:134:in `block in spawn_thread'
Started GET "/book/new" for ::1 at 2020-02-06 14:11:18 +0000
  
Mysql2::Error (Access denied for user 'name_of_user'@'localhost'):
  
mysql2 (0.5.3) lib/mysql2/client.rb:90:in `connect'
mysql2 (0.5.3) lib/mysql2/client.rb:90:in `initialize'
activerecord (6.0.1) lib/active_record/connection_adapters/mysql2_adapter.rb:24:in `new'
activerecord (6.0.1) lib/active_record/connection_adapters/mysql2_adapter.rb:24:in `mysql2_connection'
activerecord (6.0.1) lib/active_record/connection_adapters/abstract/connection_pool.rb:889:in `new_connection'
activerecord (6.0.1) lib/active_record/connection_adapters/abstract/connection_pool.rb:933:in `checkout_new_connection'
activerecord (6.0.1) lib/active_record/connection_adapters/abstract/connection_pool.rb:912:in `try_to_checkout_new_connection'
activerecord (6.0.1) lib/active_record/connection_adapters/abstract/connection_pool.rb:873:in `acquire_connection'
activerecord (6.0.1) lib/active_record/connection_adapters/abstract/connection_pool.rb:595:in `checkout'
activerecord (6.0.1) lib/active_record/connection_adapters/abstract/connection_pool.rb:439:in `connection'
activerecord (6.0.1) lib/active_record/connection_adapters/abstract/connection_pool.rb:1121:in `retrieve_connection'
activerecord (6.0.1) lib/active_record/connection_handling.rb:238:in `retrieve_connection'
activerecord (6.0.1) lib/active_record/connection_handling.rb:206:in `connection'
activerecord (6.0.1) lib/active_record/migration.rb:562:in `call'
actionpack (6.0.1) lib/action_dispatch/middleware/callbacks.rb:27:in `block in call'
activesupport (6.0.1) lib/active_support/callbacks.rb:101:in `run_callbacks'
actionpack (6.0.1) lib/action_dispatch/middleware/callbacks.rb:26:in `call'
actionpack (6.0.1) lib/action_dispatch/middleware/executor.rb:14:in `call'
actionpack (6.0.1) lib/action_dispatch/middleware/actionable_exceptions.rb:17:in `call'
actionpack (6.0.1) lib/action_dispatch/middleware/debug_exceptions.rb:32:in `call'
web-console (4.0.1) lib/web_console/middleware.rb:132:in `call_app'
web-console (4.0.1) lib/web_console/middleware.rb:28:in `block in call'
web-console (4.0.1) lib/web_console/middleware.rb:17:in `catch'
web-console (4.0.1) lib/web_console/middleware.rb:17:in `call'
actionpack (6.0.1) lib/action_dispatch/middleware/show_exceptions.rb:33:in `call'
railties (6.0.1) lib/rails/rack/logger.rb:38:in `call_app'
railties (6.0.1) lib/rails/rack/logger.rb:26:in `block in call'
activesupport (6.0.1) lib/active_support/tagged_logging.rb:80:in `block in tagged'
activesupport (6.0.1) lib/active_support/tagged_logging.rb:28:in `tagged'
activesupport (6.0.1) lib/active_support/tagged_logging.rb:80:in `tagged'
railties (6.0.1) lib/rails/rack/logger.rb:26:in `call'
sprockets-rails (3.2.1) lib/sprockets/rails/quiet_assets.rb:13:in `call'
actionpack (6.0.1) lib/action_dispatch/middleware/remote_ip.rb:81:in `call'
actionpack (6.0.1) lib/action_dispatch/middleware/request_id.rb:27:in `call'
rack (2.0.7) lib/rack/method_override.rb:22:in `call'
rack (2.0.7) lib/rack/runtime.rb:22:in `call'
activesupport (6.0.1) lib/active_support/cache/strategy/local_cache_middleware.rb:29:in `call'
actionpack (6.0.1) lib/action_dispatch/middleware/executor.rb:14:in `call'
actionpack (6.0.1) lib/action_dispatch/middleware/static.rb:126:in `call'
rack (2.0.7) lib/rack/sendfile.rb:111:in `call'
actionpack (6.0.1) lib/action_dispatch/middleware/host_authorization.rb:83:in `call'
webpacker (4.2.2) lib/webpacker/dev_server_proxy.rb:23:in `perform_request'
rack-proxy (0.6.5) lib/rack/proxy.rb:57:in `call'
railties (6.0.1) lib/rails/engine.rb:526:in `call'
puma (4.3.1) lib/puma/configuration.rb:228:in `call'
puma (4.3.1) lib/puma/server.rb:681:in `handle_request'
puma (4.3.1) lib/puma/server.rb:472:in `process_client'
puma (4.3.1) lib/puma/server.rb:328:in `block in run'
puma (4.3.1) lib/puma/thread_pool.rb:134:in `block in spawn_thread'
